#
# There is insufficient memory for the Java Runtime Environment to continue.
# Native memory allocation (mmap) failed to map 65536 bytes for Failed to commit metaspace.
# Possible reasons:
#   The system is out of physical RAM or swap space
#   The process is running with CompressedOops enabled, and the Java Heap may be blocking the growth of the native heap
# Possible solutions:
#   Reduce memory load on the system
#   Increase physical memory or swap space
#   Check if swap backing store is full
#   Decrease Java heap size (-Xmx/-Xms)
#   Decrease number of Java threads
#   Decrease Java thread stack sizes (-Xss)
#   Set larger code cache with -XX:ReservedCodeCacheSize=
#   JVM is running with Zero Based Compressed Oops mode in which the Java heap is
#     placed in the first 32GB address space. The Java Heap base address is the
#     maximum limit for the native heap growth. Please use -XX:HeapBaseMinAddress
#     to set the Java Heap base and to place the Java Heap above 32GB virtual address.
# This output file may be truncated or incomplete.
#
#  Out of Memory Error (virtualSpaceNode.cpp:108), pid=6280, tid=32180
#
# JRE version: Java(TM) SE Runtime Environment (16.0.2+7) (build 16.0.2+7-67)
# Java VM: Java HotSpot(TM) 64-Bit Server VM (16.0.2+7-67, mixed mode, sharing, tiered, compressed oops, compressed class ptrs, g1 gc, windows-amd64)
# No core dump will be written. Minidumps are not enabled by default on client versions of Windows
#

---------------  S U M M A R Y ------------

Command Line: com.mycompany.foursquare.Principal

Host: 11th Gen Intel(R) Core(TM) i7-1165G7 @ 2.80GHz, 8 cores, 11G,  Windows 10 , 64 bit Build 22621 (10.0.22621.1)
Time: Sat May 21 17:04:17 2022 Hora de verano central (México) elapsed time: 0.862843 seconds (0d 0h 0m 0s)

---------------  T H R E A D  ---------------

Current thread (0x0000014e7b713030):  JavaThread "AWT-EventQueue-0" [_thread_in_vm, id=32180, stack(0x00000017b7300000,0x00000017b7400000)]

Stack: [0x00000017b7300000,0x00000017b7400000]
Native frames: (J=compiled Java code, j=interpreted, Vv=VM code, C=native code)
V  [jvm.dll+0x6681ca]
V  [jvm.dll+0x7c9e69]
V  [jvm.dll+0x7cb61e]
V  [jvm.dll+0x7cbc73]
V  [jvm.dll+0x242c55]
V  [jvm.dll+0x7c64eb]
V  [jvm.dll+0x60ddd6]
V  [jvm.dll+0x1be6ce]
V  [jvm.dll+0x610531]
V  [jvm.dll+0x60e6d1]
V  [jvm.dll+0x2383f6]
V  [jvm.dll+0x1ea2df]
V  [jvm.dll+0x1df631]
V  [jvm.dll+0x535ff8]
V  [jvm.dll+0x742a71]
V  [jvm.dll+0x40703f]
V  [jvm.dll+0x40d362]
C  [java.dll+0x17c8]

Java frames: (J=compiled Java code, j=interpreted, Vv=VM code)
j  java.lang.ClassLoader.defineClass1(Ljava/lang/ClassLoader;Ljava/lang/String;[BIILjava/security/ProtectionDomain;Ljava/lang/String;)Ljava/lang/Class;+0 java.base@16.0.2
j  java.lang.System$2.defineClass(Ljava/lang/ClassLoader;Ljava/lang/String;[BLjava/security/ProtectionDomain;Ljava/lang/String;)Ljava/lang/Class;+10 java.base@16.0.2
j  jdk.internal.reflect.ClassDefiner.defineClass(Ljava/lang/String;[BIILjava/lang/ClassLoader;)Ljava/lang/Class;+27 java.base@16.0.2
j  jdk.internal.reflect.MethodAccessorGenerator$1.run()Ljdk/internal/reflect/MagicAccessorImpl;+21 java.base@16.0.2
j  jdk.internal.reflect.MethodAccessorGenerator$1.run()Ljava/lang/Object;+1 java.base@16.0.2
j  java.security.AccessController.executePrivileged(Ljava/security/PrivilegedAction;Ljava/security/AccessControlContext;Ljava/lang/Class;)Ljava/lang/Object;+29 java.base@16.0.2
j  java.security.AccessController.doPrivileged(Ljava/security/PrivilegedAction;)Ljava/lang/Object;+5 java.base@16.0.2
j  jdk.internal.reflect.MethodAccessorGenerator.generate(Ljava/lang/Class;Ljava/lang/String;[Ljava/lang/Class;Ljava/lang/Class;[Ljava/lang/Class;IZZLjava/lang/Class;)Ljdk/internal/reflect/MagicAccessorImpl;+755 java.base@16.0.2
j  jdk.internal.reflect.MethodAccessorGenerator.generateMethod(Ljava/lang/Class;Ljava/lang/String;[Ljava/lang/Class;Ljava/lang/Class;[Ljava/lang/Class;I)Ljdk/internal/reflect/MethodAccessor;+13 java.base@16.0.2
j  jdk.internal.reflect.NativeMethodAccessorImpl.invoke(Ljava/lang/Object;[Ljava/lang/Object;)Ljava/lang/Object;+114 java.base@16.0.2
j  jdk.internal.reflect.DelegatingMethodAccessorImpl.invoke(Ljava/lang/Object;[Ljava/lang/Object;)Ljava/lang/Object;+6 java.base@16.0.2
j  java.lang.reflect.Method.invoke(Ljava/lang/Object;[Ljava/lang/Object;)Ljava/lang/Object;+59 java.base@16.0.2
j  sun.reflect.misc.Trampoline.invoke(Ljava/lang/reflect/Method;Ljava/lang/Object;[Ljava/lang/Object;)Ljava/lang/Object;+7
j  jdk.internal.reflect.GeneratedMethodAccessor1.invoke(Ljava/lang/Object;[Ljava/lang/Object;)Ljava/lang/Object;+40
j  jdk.internal.reflect.DelegatingMethodAccessorImpl.invoke(Ljava/lang/Object;[Ljava/lang/Object;)Ljava/lang/Object;+6 java.base@16.0.2
j  java.lang.reflect.Method.invoke(Ljava/lang/Object;[Ljava/lang/Object;)Ljava/lang/Object;+59 java.base@16.0.2
j  sun.reflect.misc.MethodUtil.invoke(Ljava/lang/reflect/Method;Ljava/lang/Object;[Ljava/lang/Object;)Ljava/lang/Object;+20 java.base@16.0.2
j  javax.swing.UIDefaults.getUI(Ljavax/swing/JComponent;)Ljavax/swing/plaf/ComponentUI;+144 java.desktop@16.0.2
j  javax.swing.UIManager.getUI(Ljavax/swing/JComponent;)Ljavax/swing/plaf/ComponentUI;+37 java.desktop@16.0.2
j  javax.swing.JLabel.updateUI()V+2 java.desktop@16.0.2
j  javax.swing.JLabel.<init>(Ljava/lang/String;Ljavax/swing/Icon;I)V+83 java.desktop@16.0.2
j  javax.swing.JLabel.<init>()V+6 java.desktop@16.0.2
j  com.mycompany.foursquare.Principal.initComponents()V+280
j  com.mycompany.foursquare.Principal.<init>()V+10
j  com.mycompany.foursquare.Principal$20.run()V+4
j  java.awt.event.InvocationEvent.dispatch()V+47 java.desktop@16.0.2
j  java.awt.EventQueue.dispatchEventImpl(Ljava/awt/AWTEvent;Ljava/lang/Object;)V+21 java.desktop@16.0.2
j  java.awt.EventQueue$4.run()Ljava/lang/Void;+32 java.desktop@16.0.2
j  java.awt.EventQueue$4.run()Ljava/lang/Object;+1 java.desktop@16.0.2
j  java.security.AccessController.executePrivileged(Ljava/security/PrivilegedAction;Ljava/security/AccessControlContext;Ljava/lang/Class;)Ljava/lang/Object;+29 java.base@16.0.2
j  java.security.AccessController.doPrivileged(Ljava/security/PrivilegedAction;Ljava/security/AccessControlContext;)Ljava/lang/Object;+13 java.base@16.0.2
j  java.security.ProtectionDomain$JavaSecurityAccessImpl.doIntersectionPrivilege(Ljava/security/PrivilegedAction;Ljava/security/AccessControlContext;Ljava/security/AccessControlContext;)Ljava/lang/Object;+18 java.base@16.0.2
j  java.awt.EventQueue.dispatchEvent(Ljava/awt/AWTEvent;)V+46 java.desktop@16.0.2
j  java.awt.EventDispatchThread.pumpOneEventForFilters(I)V+78 java.desktop@16.0.2
j  java.awt.EventDispatchThread.pumpEventsForFilter(ILjava/awt/Conditional;Ljava/awt/EventFilter;)V+35 java.desktop@16.0.2
j  java.awt.EventDispatchThread.pumpEventsForHierarchy(ILjava/awt/Conditional;Ljava/awt/Component;)V+11 java.desktop@16.0.2
j  java.awt.EventDispatchThread.pumpEvents(ILjava/awt/Conditional;)V+4 java.desktop@16.0.2
j  java.awt.EventDispatchThread.pumpEvents(Ljava/awt/Conditional;)V+3 java.desktop@16.0.2
j  java.awt.EventDispatchThread.run()V+9 java.desktop@16.0.2
v  ~StubRoutines::call_stub

---------------  P R O C E S S  ---------------

Threads class SMR info:
_java_thread_list=0x0000014e7bc93190, length=16, elements={
0x0000014e7a290750, 0x0000014e7a293360, 0x0000014e7a2a4770, 0x0000014e7a2a7280,
0x0000014e7a2a9c90, 0x0000014e7a2aa690, 0x0000014e7a2ab470, 0x0000014e7a2adf70,
0x0000014e7a2bad00, 0x0000014e7ad24350, 0x0000014e7ad26dc0, 0x0000014e7afa6240,
0x0000014e7af74650, 0x0000014e7af74b70, 0x0000014e7b713030, 0x0000014e59e34960
}

Java Threads: ( => current thread )
  0x0000014e7a290750 JavaThread "Reference Handler" daemon [_thread_blocked, id=10332, stack(0x00000017b6300000,0x00000017b6400000)]
  0x0000014e7a293360 JavaThread "Finalizer" daemon [_thread_blocked, id=32224, stack(0x00000017b6400000,0x00000017b6500000)]
  0x0000014e7a2a4770 JavaThread "Signal Dispatcher" daemon [_thread_blocked, id=27632, stack(0x00000017b6500000,0x00000017b6600000)]
  0x0000014e7a2a7280 JavaThread "Attach Listener" daemon [_thread_blocked, id=14664, stack(0x00000017b6600000,0x00000017b6700000)]
  0x0000014e7a2a9c90 JavaThread "Service Thread" daemon [_thread_blocked, id=26724, stack(0x00000017b6700000,0x00000017b6800000)]
  0x0000014e7a2aa690 JavaThread "Monitor Deflation Thread" daemon [_thread_blocked, id=34100, stack(0x00000017b6800000,0x00000017b6900000)]
  0x0000014e7a2ab470 JavaThread "C2 CompilerThread0" daemon [_thread_blocked, id=34164, stack(0x00000017b6900000,0x00000017b6a00000)]
  0x0000014e7a2adf70 JavaThread "C1 CompilerThread0" daemon [_thread_blocked, id=19304, stack(0x00000017b6a00000,0x00000017b6b00000)]
  0x0000014e7a2bad00 JavaThread "Sweeper thread" daemon [_thread_blocked, id=33460, stack(0x00000017b6b00000,0x00000017b6c00000)]
  0x0000014e7ad24350 JavaThread "Notification Thread" daemon [_thread_blocked, id=25060, stack(0x00000017b6c00000,0x00000017b6d00000)]
  0x0000014e7ad26dc0 JavaThread "Common-Cleaner" daemon [_thread_blocked, id=24872, stack(0x00000017b6e00000,0x00000017b6f00000)]
  0x0000014e7afa6240 JavaThread "Java2D Disposer" daemon [_thread_blocked, id=24244, stack(0x00000017b6f00000,0x00000017b7000000)]
  0x0000014e7af74650 JavaThread "AWT-Shutdown" [_thread_blocked, id=840, stack(0x00000017b7000000,0x00000017b7100000)]
  0x0000014e7af74b70 JavaThread "AWT-Windows" daemon [_thread_in_native, id=32564, stack(0x00000017b7100000,0x00000017b7200000)]
=>0x0000014e7b713030 JavaThread "AWT-EventQueue-0" [_thread_in_vm, id=32180, stack(0x00000017b7300000,0x00000017b7400000)]
  0x0000014e59e34960 JavaThread "DestroyJavaVM" [_thread_blocked, id=7152, stack(0x00000017b5c00000,0x00000017b5d00000)]

Other Threads:
  0x0000014e7a28dfd0 VMThread "VM Thread" [stack: 0x00000017b6200000,0x00000017b6300000] [id=34764]
  0x0000014e7ad25890 WatcherThread [stack: 0x00000017b6d00000,0x00000017b6e00000] [id=28688]
  0x0000014e59e74250 GCTaskThread "GC Thread#0" [stack: 0x00000017b5d00000,0x00000017b5e00000] [id=33872]
  0x0000014e59e80e50 ConcurrentGCThread "G1 Main Marker" [stack: 0x00000017b5e00000,0x00000017b5f00000] [id=15436]
  0x0000014e59e81a20 ConcurrentGCThread "G1 Conc#0" [stack: 0x00000017b5f00000,0x00000017b6000000] [id=4416]
  0x0000014e59efd140 ConcurrentGCThread "G1 Refine#0" [stack: 0x00000017b6000000,0x00000017b6100000] [id=32196]
  0x0000014e59efea70 ConcurrentGCThread "G1 Service" [stack: 0x00000017b6100000,0x00000017b6200000] [id=27408]

Threads with active compile tasks:

VM state: not at safepoint (normal execution)

VM Mutex/Monitor currently owned by a thread:  ([mutex/lock_event])
[0x0000014e59e300d0] MetaspaceExpand_lock - owner thread: 0x0000014e7b713030

Heap address: 0x0000000744400000, size: 3004 MB, Compressed Oops mode: Zero based, Oop shift amount: 3

CDS archive(s) mapped at: [0x0000000800000000-0x0000000800bb0000-0x0000000800bb0000), size 12255232, SharedBaseAddress: 0x0000000800000000, ArchiveRelocationMode: 0.
Compressed class space mapped at: 0x0000000800c00000-0x0000000840c00000, reserved size: 1073741824
Narrow klass base: 0x0000000800000000, Narrow klass shift: 3, Narrow klass range: 0x100000000

GC Precious Log:
 CPUs: 8 total, 8 available
 Memory: 12010M
 Large Page Support: Disabled
 NUMA Support: Disabled
 Compressed Oops: Enabled (Zero based)
 Heap Region Size: 2M
 Heap Min Capacity: 8M
 Heap Initial Capacity: 188M
 Heap Max Capacity: 3004M
 Pre-touch: Disabled
 Parallel Workers: 8
 Concurrent Workers: 2
 Concurrent Refinement Workers: 8
 Periodic GC: Disabled

Heap:
 garbage-first heap   total 192512K, used 8192K [0x0000000744400000, 0x0000000800000000)
  region size 2048K, 5 young (10240K), 0 survivors (0K)
 Metaspace       used 8198K, committed 8384K, reserved 1056768K
  class space    used 901K, committed 1024K, reserved 1048576K

Heap Regions: E=young(eden), S=young(survivor), O=old, HS=humongous(starts), HC=humongous(continues), CS=collection set, F=free, OA=open archive, CA=closed archive, TAMS=top-at-mark-start (previous, next)
|   0|0x0000000744400000, 0x0000000744400000, 0x0000000744600000|  0%| F|  |TAMS 0x0000000744400000, 0x0000000744400000| Untracked 
|   1|0x0000000744600000, 0x0000000744600000, 0x0000000744800000|  0%| F|  |TAMS 0x0000000744600000, 0x0000000744600000| Untracked 
|   2|0x0000000744800000, 0x0000000744800000, 0x0000000744a00000|  0%| F|  |TAMS 0x0000000744800000, 0x0000000744800000| Untracked 
|   3|0x0000000744a00000, 0x0000000744a00000, 0x0000000744c00000|  0%| F|  |TAMS 0x0000000744a00000, 0x0000000744a00000| Untracked 
|   4|0x0000000744c00000, 0x0000000744c00000, 0x0000000744e00000|  0%| F|  |TAMS 0x0000000744c00000, 0x0000000744c00000| Untracked 
|   5|0x0000000744e00000, 0x0000000744e00000, 0x0000000745000000|  0%| F|  |TAMS 0x0000000744e00000, 0x0000000744e00000| Untracked 
|   6|0x0000000745000000, 0x0000000745000000, 0x0000000745200000|  0%| F|  |TAMS 0x0000000745000000, 0x0000000745000000| Untracked 
|   7|0x0000000745200000, 0x0000000745200000, 0x0000000745400000|  0%| F|  |TAMS 0x0000000745200000, 0x0000000745200000| Untracked 
|   8|0x0000000745400000, 0x0000000745400000, 0x0000000745600000|  0%| F|  |TAMS 0x0000000745400000, 0x0000000745400000| Untracked 
|   9|0x0000000745600000, 0x0000000745600000, 0x0000000745800000|  0%| F|  |TAMS 0x0000000745600000, 0x0000000745600000| Untracked 
|  10|0x0000000745800000, 0x0000000745800000, 0x0000000745a00000|  0%| F|  |TAMS 0x0000000745800000, 0x0000000745800000| Untracked 
|  11|0x0000000745a00000, 0x0000000745a00000, 0x0000000745c00000|  0%| F|  |TAMS 0x0000000745a00000, 0x0000000745a00000| Untracked 
|  12|0x0000000745c00000, 0x0000000745c00000, 0x0000000745e00000|  0%| F|  |TAMS 0x0000000745c00000, 0x0000000745c00000| Untracked 
|  13|0x0000000745e00000, 0x0000000745e00000, 0x0000000746000000|  0%| F|  |TAMS 0x0000000745e00000, 0x0000000745e00000| Untracked 
|  14|0x0000000746000000, 0x0000000746000000, 0x0000000746200000|  0%| F|  |TAMS 0x0000000746000000, 0x0000000746000000| Untracked 
|  15|0x0000000746200000, 0x0000000746200000, 0x0000000746400000|  0%| F|  |TAMS 0x0000000746200000, 0x0000000746200000| Untracked 
|  16|0x0000000746400000, 0x0000000746400000, 0x0000000746600000|  0%| F|  |TAMS 0x0000000746400000, 0x0000000746400000| Untracked 
|  17|0x0000000746600000, 0x0000000746600000, 0x0000000746800000|  0%| F|  |TAMS 0x0000000746600000, 0x0000000746600000| Untracked 
|  18|0x0000000746800000, 0x0000000746800000, 0x0000000746a00000|  0%| F|  |TAMS 0x0000000746800000, 0x0000000746800000| Untracked 
|  19|0x0000000746a00000, 0x0000000746a00000, 0x0000000746c00000|  0%| F|  |TAMS 0x0000000746a00000, 0x0000000746a00000| Untracked 
|  20|0x0000000746c00000, 0x0000000746c00000, 0x0000000746e00000|  0%| F|  |TAMS 0x0000000746c00000, 0x0000000746c00000| Untracked 
|  21|0x0000000746e00000, 0x0000000746e00000, 0x0000000747000000|  0%| F|  |TAMS 0x0000000746e00000, 0x0000000746e00000| Untracked 
|  22|0x0000000747000000, 0x0000000747000000, 0x0000000747200000|  0%| F|  |TAMS 0x0000000747000000, 0x0000000747000000| Untracked 
|  23|0x0000000747200000, 0x0000000747200000, 0x0000000747400000|  0%| F|  |TAMS 0x0000000747200000, 0x0000000747200000| Untracked 
|  24|0x0000000747400000, 0x0000000747400000, 0x0000000747600000|  0%| F|  |TAMS 0x0000000747400000, 0x0000000747400000| Untracked 
|  25|0x0000000747600000, 0x0000000747600000, 0x0000000747800000|  0%| F|  |TAMS 0x0000000747600000, 0x0000000747600000| Untracked 
|  26|0x0000000747800000, 0x0000000747800000, 0x0000000747a00000|  0%| F|  |TAMS 0x0000000747800000, 0x0000000747800000| Untracked 
|  27|0x0000000747a00000, 0x0000000747a00000, 0x0000000747c00000|  0%| F|  |TAMS 0x0000000747a00000, 0x0000000747a00000| Untracked 
|  28|0x0000000747c00000, 0x0000000747c00000, 0x0000000747e00000|  0%| F|  |TAMS 0x0000000747c00000, 0x0000000747c00000| Untracked 
|  29|0x0000000747e00000, 0x0000000747e00000, 0x0000000748000000|  0%| F|  |TAMS 0x0000000747e00000, 0x0000000747e00000| Untracked 
|  30|0x0000000748000000, 0x0000000748000000, 0x0000000748200000|  0%| F|  |TAMS 0x0000000748000000, 0x0000000748000000| Untracked 
|  31|0x0000000748200000, 0x0000000748200000, 0x0000000748400000|  0%| F|  |TAMS 0x0000000748200000, 0x0000000748200000| Untracked 
|  32|0x0000000748400000, 0x0000000748400000, 0x0000000748600000|  0%| F|  |TAMS 0x0000000748400000, 0x0000000748400000| Untracked 
|  33|0x0000000748600000, 0x0000000748600000, 0x0000000748800000|  0%| F|  |TAMS 0x0000000748600000, 0x0000000748600000| Untracked 
|  34|0x0000000748800000, 0x0000000748800000, 0x0000000748a00000|  0%| F|  |TAMS 0x0000000748800000, 0x0000000748800000| Untracked 
|  35|0x0000000748a00000, 0x0000000748a00000, 0x0000000748c00000|  0%| F|  |TAMS 0x0000000748a00000, 0x0000000748a00000| Untracked 
|  36|0x0000000748c00000, 0x0000000748c00000, 0x0000000748e00000|  0%| F|  |TAMS 0x0000000748c00000, 0x0000000748c00000| Untracked 
|  37|0x0000000748e00000, 0x0000000748e00000, 0x0000000749000000|  0%| F|  |TAMS 0x0000000748e00000, 0x0000000748e00000| Untracked 
|  38|0x0000000749000000, 0x0000000749000000, 0x0000000749200000|  0%| F|  |TAMS 0x0000000749000000, 0x0000000749000000| Untracked 
|  39|0x0000000749200000, 0x0000000749200000, 0x0000000749400000|  0%| F|  |TAMS 0x0000000749200000, 0x0000000749200000| Untracked 
|  40|0x0000000749400000, 0x0000000749400000, 0x0000000749600000|  0%| F|  |TAMS 0x0000000749400000, 0x0000000749400000| Untracked 
|  41|0x0000000749600000, 0x0000000749600000, 0x0000000749800000|  0%| F|  |TAMS 0x0000000749600000, 0x0000000749600000| Untracked 
|  42|0x0000000749800000, 0x0000000749800000, 0x0000000749a00000|  0%| F|  |TAMS 0x0000000749800000, 0x0000000749800000| Untracked 
|  43|0x0000000749a00000, 0x0000000749a00000, 0x0000000749c00000|  0%| F|  |TAMS 0x0000000749a00000, 0x0000000749a00000| Untracked 
|  44|0x0000000749c00000, 0x0000000749c00000, 0x0000000749e00000|  0%| F|  |TAMS 0x0000000749c00000, 0x0000000749c00000| Untracked 
|  45|0x0000000749e00000, 0x0000000749e00000, 0x000000074a000000|  0%| F|  |TAMS 0x0000000749e00000, 0x0000000749e00000| Untracked 
|  46|0x000000074a000000, 0x000000074a000000, 0x000000074a200000|  0%| F|  |TAMS 0x000000074a000000, 0x000000074a000000| Untracked 
|  47|0x000000074a200000, 0x000000074a200000, 0x000000074a400000|  0%| F|  |TAMS 0x000000074a200000, 0x000000074a200000| Untracked 
|  48|0x000000074a400000, 0x000000074a400000, 0x000000074a600000|  0%| F|  |TAMS 0x000000074a400000, 0x000000074a400000| Untracked 
|  49|0x000000074a600000, 0x000000074a600000, 0x000000074a800000|  0%| F|  |TAMS 0x000000074a600000, 0x000000074a600000| Untracked 
|  50|0x000000074a800000, 0x000000074a800000, 0x000000074aa00000|  0%| F|  |TAMS 0x000000074a800000, 0x000000074a800000| Untracked 
|  51|0x000000074aa00000, 0x000000074aa00000, 0x000000074ac00000|  0%| F|  |TAMS 0x000000074aa00000, 0x000000074aa00000| Untracked 
|  52|0x000000074ac00000, 0x000000074ac00000, 0x000000074ae00000|  0%| F|  |TAMS 0x000000074ac00000, 0x000000074ac00000| Untracked 
|  53|0x000000074ae00000, 0x000000074ae00000, 0x000000074b000000|  0%| F|  |TAMS 0x000000074ae00000, 0x000000074ae00000| Untracked 
|  54|0x000000074b000000, 0x000000074b000000, 0x000000074b200000|  0%| F|  |TAMS 0x000000074b000000, 0x000000074b000000| Untracked 
|  55|0x000000074b200000, 0x000000074b200000, 0x000000074b400000|  0%| F|  |TAMS 0x000000074b200000, 0x000000074b200000| Untracked 
|  56|0x000000074b400000, 0x000000074b400000, 0x000000074b600000|  0%| F|  |TAMS 0x000000074b400000, 0x000000074b400000| Untracked 
|  57|0x000000074b600000, 0x000000074b600000, 0x000000074b800000|  0%| F|  |TAMS 0x000000074b600000, 0x000000074b600000| Untracked 
|  58|0x000000074b800000, 0x000000074b800000, 0x000000074ba00000|  0%| F|  |TAMS 0x000000074b800000, 0x000000074b800000| Untracked 
|  59|0x000000074ba00000, 0x000000074ba00000, 0x000000074bc00000|  0%| F|  |TAMS 0x000000074ba00000, 0x000000074ba00000| Untracked 
|  60|0x000000074bc00000, 0x000000074bc00000, 0x000000074be00000|  0%| F|  |TAMS 0x000000074bc00000, 0x000000074bc00000| Untracked 
|  61|0x000000074be00000, 0x000000074be00000, 0x000000074c000000|  0%| F|  |TAMS 0x000000074be00000, 0x000000074be00000| Untracked 
|  62|0x000000074c000000, 0x000000074c000000, 0x000000074c200000|  0%| F|  |TAMS 0x000000074c000000, 0x000000074c000000| Untracked 
|  63|0x000000074c200000, 0x000000074c200000, 0x000000074c400000|  0%| F|  |TAMS 0x000000074c200000, 0x000000074c200000| Untracked 
|  64|0x000000074c400000, 0x000000074c400000, 0x000000074c600000|  0%| F|  |TAMS 0x000000074c400000, 0x000000074c400000| Untracked 
|  65|0x000000074c600000, 0x000000074c600000, 0x000000074c800000|  0%| F|  |TAMS 0x000000074c600000, 0x000000074c600000| Untracked 
|  66|0x000000074c800000, 0x000000074c800000, 0x000000074ca00000|  0%| F|  |TAMS 0x000000074c800000, 0x000000074c800000| Untracked 
|  67|0x000000074ca00000, 0x000000074ca00000, 0x000000074cc00000|  0%| F|  |TAMS 0x000000074ca00000, 0x000000074ca00000| Untracked 
|  68|0x000000074cc00000, 0x000000074cc00000, 0x000000074ce00000|  0%| F|  |TAMS 0x000000074cc00000, 0x000000074cc00000| Untracked 
|  69|0x000000074ce00000, 0x000000074ce00000, 0x000000074d000000|  0%| F|  |TAMS 0x000000074ce00000, 0x000000074ce00000| Untracked 
|  70|0x000000074d000000, 0x000000074d000000, 0x000000074d200000|  0%| F|  |TAMS 0x000000074d000000, 0x000000074d000000| Untracked 
|  71|0x000000074d200000, 0x000000074d200000, 0x000000074d400000|  0%| F|  |TAMS 0x000000074d200000, 0x000000074d200000| Untracked 
|  72|0x000000074d400000, 0x000000074d400000, 0x000000074d600000|  0%| F|  |TAMS 0x000000074d400000, 0x000000074d400000| Untracked 
|  73|0x000000074d600000, 0x000000074d600000, 0x000000074d800000|  0%| F|  |TAMS 0x000000074d600000, 0x000000074d600000| Untracked 
|  74|0x000000074d800000, 0x000000074d800000, 0x000000074da00000|  0%| F|  |TAMS 0x000000074d800000, 0x000000074d800000| Untracked 
|  75|0x000000074da00000, 0x000000074da00000, 0x000000074dc00000|  0%| F|  |TAMS 0x000000074da00000, 0x000000074da00000| Untracked 
|  76|0x000000074dc00000, 0x000000074dc00000, 0x000000074de00000|  0%| F|  |TAMS 0x000000074dc00000, 0x000000074dc00000| Untracked 
|  77|0x000000074de00000, 0x000000074de00000, 0x000000074e000000|  0%| F|  |TAMS 0x000000074de00000, 0x000000074de00000| Untracked 
|  78|0x000000074e000000, 0x000000074e000000, 0x000000074e200000|  0%| F|  |TAMS 0x000000074e000000, 0x000000074e000000| Untracked 
|  79|0x000000074e200000, 0x000000074e200000, 0x000000074e400000|  0%| F|  |TAMS 0x000000074e200000, 0x000000074e200000| Untracked 
|  80|0x000000074e400000, 0x000000074e400000, 0x000000074e600000|  0%| F|  |TAMS 0x000000074e400000, 0x000000074e400000| Untracked 
|  81|0x000000074e600000, 0x000000074e600000, 0x000000074e800000|  0%| F|  |TAMS 0x000000074e600000, 0x000000074e600000| Untracked 
|  82|0x000000074e800000, 0x000000074e800000, 0x000000074ea00000|  0%| F|  |TAMS 0x000000074e800000, 0x000000074e800000| Untracked 
|  83|0x000000074ea00000, 0x000000074ea00000, 0x000000074ec00000|  0%| F|  |TAMS 0x000000074ea00000, 0x000000074ea00000| Untracked 
|  84|0x000000074ec00000, 0x000000074ec00000, 0x000000074ee00000|  0%| F|  |TAMS 0x000000074ec00000, 0x000000074ec00000| Untracked 
|  85|0x000000074ee00000, 0x000000074ee00000, 0x000000074f000000|  0%| F|  |TAMS 0x000000074ee00000, 0x000000074ee00000| Untracked 
|  86|0x000000074f000000, 0x000000074f000000, 0x000000074f200000|  0%| F|  |TAMS 0x000000074f000000, 0x000000074f000000| Untracked 
|  87|0x000000074f200000, 0x000000074f200000, 0x000000074f400000|  0%| F|  |TAMS 0x000000074f200000, 0x000000074f200000| Untracked 
|  88|0x000000074f400000, 0x000000074f400000, 0x000000074f600000|  0%| F|  |TAMS 0x000000074f400000, 0x000000074f400000| Untracked 
|  89|0x000000074f600000, 0x000000074f7c6d80, 0x000000074f800000| 88%| E|  |TAMS 0x000000074f600000, 0x000000074f600000| Complete 
|  90|0x000000074f800000, 0x000000074fa00000, 0x000000074fa00000|100%| E|CS|TAMS 0x000000074f800000, 0x000000074f800000| Complete 
|  91|0x000000074fa00000, 0x000000074fc00000, 0x000000074fc00000|100%| E|CS|TAMS 0x000000074fa00000, 0x000000074fa00000| Complete 
|  92|0x000000074fc00000, 0x000000074fe00000, 0x000000074fe00000|100%| E|CS|TAMS 0x000000074fc00000, 0x000000074fc00000| Complete 
|  93|0x000000074fe00000, 0x0000000750000000, 0x0000000750000000|100%| E|CS|TAMS 0x000000074fe00000, 0x000000074fe00000| Complete 

Card table byte_map: [0x0000014e70eb0000,0x0000014e71490000] _byte_map_base: 0x0000014e6d48e000

Marking Bits (Prev, Next): (CMBitMap*) 0x0000014e59e748c0, (CMBitMap*) 0x0000014e59e74900
 Prev Bits: [0x0000014e71a70000, 0x0000014e74960000)
 Next Bits: [0x0000014e74960000, 0x0000014e77850000)

Polling page: 0x0000014e57e20000

Metaspace:

Usage:
  Non-class:      7.13 MB used.
      Class:    901.82 KB used.
       Both:      8.01 MB used.

Virtual space:
  Non-class space:        8.00 MB reserved,       7.19 MB ( 90%) committed,  1 nodes.
      Class space:        1.00 GB reserved,       1.00 MB ( <1%) committed,  1 nodes.
              Both:        1.01 GB reserved,       8.19 MB ( <1%) committed. 

Chunk freelists:
   Non-Class:  766.00 KB
       Class:  3.03 MB
        Both:  3.78 MB

MaxMetaspaceSize: 17179869184.00 GB
CompressedClassSpaceSize: 1.00 GB
 - commit_granule_bytes: 65536.
 - commit_granule_words: 8192.
 - virtual_space_node_default_size: 1048576.
 - enlarge_chunks_in_place: 1.
 - new_chunks_are_fully_committed: 0.
 - uncommit_free_chunks: 1.
 - use_allocation_guard: 0.
 - handle_deallocations: 1.


Internal statistics:

num_allocs_failed_limit: 0.
num_arena_births: 120.
num_arena_deaths: 0.
num_vsnodes_births: 2.
num_vsnodes_deaths: 0.
num_space_committed: 131.
num_space_uncommitted: 0.
num_chunks_returned_to_freelist: 0.
num_chunks_taken_from_freelist: 204.
num_chunk_merges: 0.
num_chunk_splits: 122.
num_chunks_enlarged: 68.
num_purges: 0.

CodeHeap 'non-profiled nmethods': size=120000Kb used=268Kb max_used=268Kb free=119731Kb
 bounds [0x0000014e69070000, 0x0000014e692e0000, 0x0000014e705a0000]
CodeHeap 'profiled nmethods': size=120000Kb used=1482Kb max_used=1482Kb free=118517Kb
 bounds [0x0000014e61b40000, 0x0000014e61db0000, 0x0000014e69070000]
CodeHeap 'non-nmethods': size=5760Kb used=1260Kb max_used=1274Kb free=4499Kb
 bounds [0x0000014e615a0000, 0x0000014e61810000, 0x0000014e61b40000]
 total_blobs=1445 nmethods=881 adapters=477
 compilation: enabled
              stopped_count=0, restarted_count=0
 full_count=0

Compilation events (20 events):
Event: 0.853 Thread 0x0000014e7a2adf70 nmethod 871 0x0000014e690b2990 code [0x0000014e690b2b20, 0x0000014e690b2bf8]
Event: 0.853 Thread 0x0000014e7a2adf70  872       3       java.lang.Class::getComponentType (14 bytes)
Event: 0.854 Thread 0x0000014e7a2adf70 nmethod 872 0x0000014e61cacd90 code [0x0000014e61cacf40, 0x0000014e61cad108]
Event: 0.854 Thread 0x0000014e7a2adf70  874       3       java.lang.invoke.DirectMethodHandle::maybeCompile (24 bytes)
Event: 0.855 Thread 0x0000014e7a2ab470 nmethod 873 0x0000014e690b2c90 code [0x0000014e690b2e00, 0x0000014e690b2e78]
Event: 0.855 Thread 0x0000014e7a2adf70 nmethod 874 0x0000014e61cad190 code [0x0000014e61cad3e0, 0x0000014e61cadbb8]
Event: 0.855 Thread 0x0000014e7a2adf70  875       3       java.lang.Class::getInterfaces (6 bytes)
Event: 0.855 Thread 0x0000014e7a2adf70 nmethod 875 0x0000014e61cade90 code [0x0000014e61cae040, 0x0000014e61cae188]
Event: 0.856 Thread 0x0000014e7a2adf70  876       3       java.lang.Class::getInterfaces (49 bytes)
Event: 0.856 Thread 0x0000014e7a2adf70 nmethod 876 0x0000014e61cae210 code [0x0000014e61cae400, 0x0000014e61cae918]
Event: 0.856 Thread 0x0000014e7a2adf70  877       3       sun.awt.SunToolkit::isInstanceOf (71 bytes)
Event: 0.856 Thread 0x0000014e7a2adf70 nmethod 877 0x0000014e61caea90 code [0x0000014e61caece0, 0x0000014e61caf348]
Event: 0.856 Thread 0x0000014e7a2adf70  878       3       jdk.internal.loader.BuiltinClassLoader::findLoadedModule (33 bytes)
Event: 0.856 Thread 0x0000014e7a2adf70 nmethod 878 0x0000014e61caf610 code [0x0000014e61caf840, 0x0000014e61cafe98]
Event: 0.856 Thread 0x0000014e7a2adf70  879       3       java.io.RandomAccessFile::read (8 bytes)
Event: 0.857 Thread 0x0000014e7a2adf70 nmethod 879 0x0000014e61cb0110 code [0x0000014e61cb02c0, 0x0000014e61cb0408]
Event: 0.857 Thread 0x0000014e7a2adf70  880   !   3       java.awt.Component::firePropertyChange (59 bytes)
Event: 0.857 Thread 0x0000014e7a2adf70 nmethod 880 0x0000014e61cb0510 code [0x0000014e61cb06e0, 0x0000014e61cb0c58]
Event: 0.859 Thread 0x0000014e7a2adf70  882       3       javax.swing.ArrayTable::put (191 bytes)
Event: 0.859 Thread 0x0000014e7a2adf70 nmethod 882 0x0000014e61cb0e10 code [0x0000014e61cb10e0, 0x0000014e61cb2758]

GC Heap History (0 events):
No events

Deoptimization events (20 events):
Event: 0.295 Thread 0x0000014e59e34960 Uncommon trap: trap_request=0xffffff45 fr.pc=0x0000014e69095524 relative=0x0000000000000184
Event: 0.295 Thread 0x0000014e59e34960 Uncommon trap: reason=unstable_if action=reinterpret pc=0x0000014e69095524 method=java.lang.String.equals(Ljava/lang/Object;)Z @ 33 c2
Event: 0.295 Thread 0x0000014e59e34960 DEOPT PACKING pc=0x0000014e69095524 sp=0x00000017b5cff2f0
Event: 0.295 Thread 0x0000014e59e34960 DEOPT UNPACKING pc=0x0000014e615ef92e sp=0x00000017b5cff290 mode 2
Event: 0.295 Thread 0x0000014e59e34960 Uncommon trap: trap_request=0xffffff45 fr.pc=0x0000014e6907b830 relative=0x0000000000000210
Event: 0.295 Thread 0x0000014e59e34960 Uncommon trap: reason=unstable_if action=reinterpret pc=0x0000014e6907b830 method=java.lang.String.hashCode()I @ 20 c2
Event: 0.295 Thread 0x0000014e59e34960 DEOPT PACKING pc=0x0000014e6907b830 sp=0x00000017b5cff300
Event: 0.295 Thread 0x0000014e59e34960 DEOPT UNPACKING pc=0x0000014e615ef92e sp=0x00000017b5cff298 mode 2
Event: 0.307 Thread 0x0000014e59e34960 Uncommon trap: trap_request=0xffffffe5 fr.pc=0x0000014e69075ea0 relative=0x0000000000000080
Event: 0.307 Thread 0x0000014e59e34960 Uncommon trap: reason=range_check action=reinterpret pc=0x0000014e69075ea0 method=java.lang.StringLatin1.charAt([BI)C @ 1 c2
Event: 0.307 Thread 0x0000014e59e34960 DEOPT PACKING pc=0x0000014e69075ea0 sp=0x00000017b5cff0d0
Event: 0.307 Thread 0x0000014e59e34960 DEOPT UNPACKING pc=0x0000014e615ef92e sp=0x00000017b5cff008 mode 2
Event: 0.341 Thread 0x0000014e59e34960 Uncommon trap: trap_request=0xffffff45 fr.pc=0x0000014e69094358 relative=0x0000000000000338
Event: 0.341 Thread 0x0000014e59e34960 Uncommon trap: reason=unstable_if action=reinterpret pc=0x0000014e69094358 method=java.lang.StringUTF16.compress([CI[BII)I @ 20 c2
Event: 0.341 Thread 0x0000014e59e34960 DEOPT PACKING pc=0x0000014e69094358 sp=0x00000017b5cfe090
Event: 0.341 Thread 0x0000014e59e34960 DEOPT UNPACKING pc=0x0000014e615ef92e sp=0x00000017b5cfe010 mode 2
Event: 0.401 Thread 0x0000014e59e34960 Uncommon trap: trap_request=0xffffff45 fr.pc=0x0000014e690a2f68 relative=0x0000000000000048
Event: 0.401 Thread 0x0000014e59e34960 Uncommon trap: reason=unstable_if action=reinterpret pc=0x0000014e690a2f68 method=java.lang.CharacterData.of(I)Ljava/lang/CharacterData; @ 4 c2
Event: 0.401 Thread 0x0000014e59e34960 DEOPT PACKING pc=0x0000014e690a2f68 sp=0x00000017b5cfeb40
Event: 0.401 Thread 0x0000014e59e34960 DEOPT UNPACKING pc=0x0000014e615ef92e sp=0x00000017b5cfeae0 mode 2

Classes unloaded (0 events):
No events

Classes redefined (0 events):
No events

Internal exceptions (14 events):
Event: 0.093 Thread 0x0000014e59e34960 Exception <a 'java/lang/NoSuchMethodError'{0x000000074fc13370}: 'void java.lang.invoke.DirectMethodHandle$Holder.invokeSpecial(java.lang.Object, java.lang.Object, java.lang.Object)'> (0x000000074fc13370) 
thrown [t:\workspace\open\src\hotspot\share\interpreter\linkResolver.cpp, line 790]
Event: 0.106 Thread 0x0000014e59e34960 Exception <a 'java/lang/ClassNotFoundException'{0x000000074fc3e148}: sun/awt/resources/spi/awtProvider> (0x000000074fc3e148) 
thrown [t:\workspace\open\src\hotspot\share\classfile\systemDictionary.cpp, line 256]
Event: 0.129 Thread 0x0000014e59e34960 Exception <a 'java/io/FileNotFoundException'{0x000000074fc97d70}> (0x000000074fc97d70) 
thrown [t:\workspace\open\src\hotspot\share\prims\jni.cpp, line 579]
Event: 0.138 Thread 0x0000014e59e34960 Exception <a 'java/io/FileNotFoundException'{0x000000074fcc6628}> (0x000000074fcc6628) 
thrown [t:\workspace\open\src\hotspot\share\prims\jni.cpp, line 579]
Event: 0.138 Thread 0x0000014e59e34960 Exception <a 'java/lang/NoSuchMethodError'{0x000000074fcc7850}: 'java.lang.Object java.lang.invoke.DirectMethodHandle$Holder.invokeStatic(java.lang.Object)'> (0x000000074fcc7850) 
thrown [t:\workspace\open\src\hotspot\share\interpreter\linkResolver.cpp, line 790]
Event: 0.185 Thread 0x0000014e59e34960 Exception <a 'java/lang/NoSuchMethodError'{0x000000074fd32c60}: 'java.lang.Object java.lang.invoke.DirectMethodHandle$Holder.invokeStaticInit(java.lang.Object)'> (0x000000074fd32c60) 
thrown [t:\workspace\open\src\hotspot\share\interpreter\linkResolver.cpp, line 790]
Event: 0.218 Thread 0x0000014e59e34960 Exception <a 'java/lang/NoSuchMethodError'{0x000000074fdf4368}: 'void java.lang.invoke.DirectMethodHandle$Holder.invokeStatic(java.lang.Object, java.lang.Object)'> (0x000000074fdf4368) 
thrown [t:\workspace\open\src\hotspot\share\interpreter\linkResolver.cpp, line 790]
Event: 0.222 Thread 0x0000014e59e34960 Exception <a 'java/lang/NoSuchMethodError'{0x000000074fa1b7d0}: 'java.lang.Object java.lang.invoke.DirectMethodHandle$Holder.newInvokeSpecial(java.lang.Object, java.lang.Object, java.lang.Object, java.lang.Object, java.lang.Object)'> (0x000000074fa1b7d0) 
thrown [t:\workspace\open\src\hotspot\share\interpreter\linkResolver.cpp, line 790]
Event: 0.223 Thread 0x0000014e59e34960 Exception <a 'java/lang/NoSuchMethodError'{0x000000074fa27100}: 'java.lang.Object java.lang.invoke.DirectMethodHandle$Holder.invokeStatic(java.lang.Object, int, java.lang.Object, java.lang.Object, java.lang.Object, java.lang.Object)'> (0x000000074fa27100) 
thrown [t:\workspace\open\src\hotspot\share\interpreter\linkResolver.cpp, line 790]
Event: 0.227 Thread 0x0000014e59e34960 Exception <a 'java/lang/NoSuchMethodError'{0x000000074fa4cef0}: 'java.lang.Object java.lang.invoke.DirectMethodHandle$Holder.invokeStatic(java.lang.Object, int, java.lang.Object)'> (0x000000074fa4cef0) 
thrown [t:\workspace\open\src\hotspot\share\interpreter\linkResolver.cpp, line 790]
Event: 0.241 Thread 0x0000014e59e34960 Exception <a 'java/lang/ClassNotFoundException'{0x000000074fa9ff98}: com/sun/swing/internal/plaf/basic/resources/spi/basicProvider> (0x000000074fa9ff98) 
thrown [t:\workspace\open\src\hotspot\share\classfile\systemDictionary.cpp, line 256]
Event: 0.246 Thread 0x0000014e59e34960 Exception <a 'java/lang/NoSuchMethodError'{0x000000074fac2f48}: 'int java.lang.invoke.DirectMethodHandle$Holder.invokeStatic(java.lang.Object)'> (0x000000074fac2f48) 
thrown [t:\workspace\open\src\hotspot\share\interpreter\linkResolver.cpp, line 790]
Event: 0.451 Thread 0x0000014e7b713030 Exception <a 'sun/nio/fs/WindowsException'{0x000000074f649768}> (0x000000074f649768) 
thrown [t:\workspace\open\src\hotspot\share\prims\jni.cpp, line 579]
Event: 0.813 Thread 0x0000014e7b713030 Exception <a 'java/lang/NoSuchMethodError'{0x000000074f6edb28}: 'java.lang.Object java.lang.invoke.DirectMethodHandle$Holder.invokeVirtual(java.lang.Object, java.lang.Object, java.lang.Object, java.lang.Object)'> (0x000000074f6edb28) 
thrown [t:\workspace\open\src\hotspot\share\interpreter\linkResolver.cpp, line 790]

Events (20 events):
Event: 0.849 loading class java/beans/VetoableChangeListener
Event: 0.849 loading class java/beans/VetoableChangeListener done
Event: 0.851 loading class javax/swing/plaf/basic/BasicScrollBarUI$TrackListener
Event: 0.851 loading class javax/swing/plaf/basic/BasicScrollBarUI$TrackListener done
Event: 0.851 loading class javax/swing/plaf/basic/BasicScrollBarUI$ArrowButtonListener
Event: 0.851 loading class javax/swing/plaf/basic/BasicScrollBarUI$ArrowButtonListener done
Event: 0.851 loading class javax/swing/plaf/basic/BasicScrollBarUI$ModelListener
Event: 0.851 loading class javax/swing/plaf/basic/BasicScrollBarUI$ModelListener done
Event: 0.851 loading class javax/swing/plaf/basic/BasicScrollBarUI$Handler
Event: 0.852 loading class javax/swing/plaf/basic/BasicScrollBarUI$Handler done
Event: 0.852 loading class javax/swing/plaf/basic/BasicScrollBarUI$ScrollListener
Event: 0.852 loading class javax/swing/plaf/basic/BasicScrollBarUI$ScrollListener done
Event: 0.856 loading class javax/swing/plaf/basic/BasicScrollPaneUI
Event: 0.857 loading class javax/swing/plaf/ScrollPaneUI
Event: 0.857 loading class javax/swing/plaf/ScrollPaneUI done
Event: 0.857 loading class javax/swing/plaf/basic/BasicScrollPaneUI done
Event: 0.857 loading class javax/swing/plaf/basic/BasicScrollPaneUI$Handler
Event: 0.857 loading class javax/swing/plaf/basic/BasicScrollPaneUI$Handler done
Event: 0.858 loading class java/awt/event/MouseWheelEvent
Event: 0.858 loading class java/awt/event/MouseWheelEvent done


Dynamic libraries:
0x00007ff721420000 - 0x00007ff721430000 	C:\Program Files\Java\jdk-16.0.2\bin\java.exe
0x00007ffab9470000 - 0x00007ffab9684000 	C:\WINDOWS\SYSTEM32\ntdll.dll
0x00007ffab9090000 - 0x00007ffab9152000 	C:\WINDOWS\System32\KERNEL32.DLL
0x00007ffab68c0000 - 0x00007ffab6c5c000 	C:\WINDOWS\System32\KERNELBASE.dll
0x00007ffab7170000 - 0x00007ffab7281000 	C:\WINDOWS\System32\ucrtbase.dll
0x00007ffaa33b0000 - 0x00007ffaa33c9000 	C:\Program Files\Java\jdk-16.0.2\bin\VCRUNTIME140.dll
0x00007ffaa6f40000 - 0x00007ffaa6f58000 	C:\Program Files\Java\jdk-16.0.2\bin\jli.dll
0x00007ffab7f20000 - 0x00007ffab7fce000 	C:\WINDOWS\System32\ADVAPI32.dll
0x00007ffab7290000 - 0x00007ffab7337000 	C:\WINDOWS\System32\msvcrt.dll
0x00007ffab81e0000 - 0x00007ffab8284000 	C:\WINDOWS\System32\sechost.dll
0x00007ffab7340000 - 0x00007ffab7455000 	C:\WINDOWS\System32\RPCRT4.dll
0x00007ffab7a30000 - 0x00007ffab7bdb000 	C:\WINDOWS\System32\USER32.dll
0x00007ffab6ee0000 - 0x00007ffab6f06000 	C:\WINDOWS\System32\win32u.dll
0x00007ffa8df80000 - 0x00007ffa8e20e000 	C:\WINDOWS\WinSxS\amd64_microsoft.windows.common-controls_6595b64144ccf1df_6.0.22621.1_none_60e502bd9af5bef0\COMCTL32.dll
0x00007ffab8750000 - 0x00007ffab8779000 	C:\WINDOWS\System32\GDI32.dll
0x00007ffab6f10000 - 0x00007ffab7022000 	C:\WINDOWS\System32\gdi32full.dll
0x00007ffab6e40000 - 0x00007ffab6eda000 	C:\WINDOWS\System32\msvcp_win.dll
0x00007ffaa33d0000 - 0x00007ffaa33da000 	C:\WINDOWS\SYSTEM32\VERSION.dll
0x00007ffab8710000 - 0x00007ffab8741000 	C:\WINDOWS\System32\IMM32.DLL
0x00007ffab2e50000 - 0x00007ffab2e5c000 	C:\Program Files\Java\jdk-16.0.2\bin\vcruntime140_1.dll
0x00007ffa95a80000 - 0x00007ffa95b11000 	C:\Program Files\Java\jdk-16.0.2\bin\msvcp140.dll
0x00007ffa19ad0000 - 0x00007ffa1a67b000 	C:\Program Files\Java\jdk-16.0.2\bin\server\jvm.dll
0x00007ffab92c0000 - 0x00007ffab92c8000 	C:\WINDOWS\System32\PSAPI.DLL
0x00007ffa85170000 - 0x00007ffa85179000 	C:\WINDOWS\SYSTEM32\WSOCK32.dll
0x00007ffab92d0000 - 0x00007ffab9341000 	C:\WINDOWS\System32\WS2_32.dll
0x00007ffaac850000 - 0x00007ffaac884000 	C:\WINDOWS\SYSTEM32\WINMM.dll
0x00007ffab59a0000 - 0x00007ffab59b8000 	C:\WINDOWS\SYSTEM32\kernel.appcore.dll
0x00007ffab2df0000 - 0x00007ffab2dfa000 	C:\Program Files\Java\jdk-16.0.2\bin\jimage.dll
0x00007ffab3ae0000 - 0x00007ffab3d0e000 	C:\WINDOWS\SYSTEM32\DBGHELP.DLL
0x00007ffab76a0000 - 0x00007ffab7a29000 	C:\WINDOWS\System32\combase.dll
0x00007ffab9350000 - 0x00007ffab9427000 	C:\WINDOWS\System32\OLEAUT32.dll
0x00007ffa8f6c0000 - 0x00007ffa8f6f2000 	C:\WINDOWS\SYSTEM32\dbgcore.DLL
0x00007ffab7030000 - 0x00007ffab70ab000 	C:\WINDOWS\System32\bcryptPrimitives.dll
0x00007ffa9fb80000 - 0x00007ffa9fba5000 	C:\Program Files\Java\jdk-16.0.2\bin\java.dll
0x00007ffab8890000 - 0x00007ffab9068000 	C:\WINDOWS\System32\SHELL32.dll
0x00007ffab48c0000 - 0x00007ffab5178000 	C:\WINDOWS\SYSTEM32\windows.storage.dll
0x00007ffab4780000 - 0x00007ffab48bd000 	C:\WINDOWS\SYSTEM32\wintypes.dll
0x00007ffab7470000 - 0x00007ffab7561000 	C:\WINDOWS\System32\SHCORE.dll
0x00007ffab9160000 - 0x00007ffab91be000 	C:\WINDOWS\System32\shlwapi.dll
0x00007ffab67f0000 - 0x00007ffab6811000 	C:\WINDOWS\SYSTEM32\profapi.dll
0x00007ffa9f8b0000 - 0x00007ffa9f8c9000 	C:\Program Files\Java\jdk-16.0.2\bin\net.dll
0x00007ffaaec20000 - 0x00007ffaaed4f000 	C:\WINDOWS\SYSTEM32\WINHTTP.dll
0x00007ffab5e80000 - 0x00007ffab5ee9000 	C:\WINDOWS\system32\mswsock.dll
0x00007ffa9f350000 - 0x00007ffa9f363000 	C:\Program Files\Java\jdk-16.0.2\bin\nio.dll
0x00007ffa9dcf0000 - 0x00007ffa9dd08000 	C:\Program Files\Java\jdk-16.0.2\bin\zip.dll
0x00007ffa61a30000 - 0x00007ffa61bb0000 	C:\Program Files\Java\jdk-16.0.2\bin\awt.dll
0x00007ffab3870000 - 0x00007ffab3906000 	C:\WINDOWS\SYSTEM32\apphelp.dll
0x00007ffab3d10000 - 0x00007ffab3dbb000 	C:\WINDOWS\system32\uxtheme.dll
0x00007ffab7c40000 - 0x00007ffab7d5e000 	C:\WINDOWS\System32\MSCTF.dll
0x00007ffab7fe0000 - 0x00007ffab817c000 	C:\WINDOWS\System32\ole32.dll
0x00007ffa89be0000 - 0x00007ffa89c69000 	C:\Program Files\Java\jdk-16.0.2\bin\freetype.dll
0x00007ffa62800000 - 0x00007ffa628f6000 	C:\Program Files\Java\jdk-16.0.2\bin\harfbuzz.dll
0x00007ffa9dc50000 - 0x00007ffa9dc62000 	C:\Program Files\Java\jdk-16.0.2\bin\fontmanager.dll
0x00007ffab4100000 - 0x00007ffab412b000 	C:\WINDOWS\system32\DWMAPI.DLL
0x00007ffa7d060000 - 0x00007ffa7d160000 	C:\WINDOWS\system32\opengl32.dll
0x00007ffa7d6f0000 - 0x00007ffa7d71d000 	C:\WINDOWS\SYSTEM32\GLU32.dll
0x00007ffab3f90000 - 0x00007ffab3fc6000 	C:\WINDOWS\SYSTEM32\dxcore.dll
0x00007ffaa0350000 - 0x00007ffaa0356000 	C:\Users\modim\AppData\Local\Temp\flatlaf.temp\flatlaf-windows-x86_64-2744373490329000.dll
0x00007ffa9f6d0000 - 0x00007ffa9f6d7000 	C:\Program Files\Java\jdk-16.0.2\bin\jawt.dll

dbghelp: loaded successfully - version: 4.0.5 - missing functions: none
symbol engine: initialized successfully - sym options: 0x614 - pdb path: .;C:\Program Files\Java\jdk-16.0.2\bin;C:\WINDOWS\SYSTEM32;C:\WINDOWS\WinSxS\amd64_microsoft.windows.common-controls_6595b64144ccf1df_6.0.22621.1_none_60e502bd9af5bef0;C:\Program Files\Java\jdk-16.0.2\bin\server;C:\Users\modim\AppData\Local\Temp\flatlaf.temp

VM Arguments:
java_command: com.mycompany.foursquare.Principal
java_class_path (initial): C:\Users\modim\Desktop\ \ITM\4° Semestre\Tópicos avanzados de programación\Uni IV\Foursquare\target\classes;C:\Users\modim\.m2\repository\org\apache\httpcomponents\client5\httpclient5-fluent\5.1.3\httpclient5-fluent-5.1.3.jar;C:\Users\modim\.m2\repository\org\apache\httpcomponents\client5\httpclient5\5.1.3\httpclient5-5.1.3.jar;C:\Users\modim\.m2\repository\org\apache\httpcomponents\core5\httpcore5\5.1.3\httpcore5-5.1.3.jar;C:\Users\modim\.m2\repository\org\apache\httpcomponents\core5\httpcore5-h2\5.1.3\httpcore5-h2-5.1.3.jar;C:\Users\modim\.m2\repository\commons-codec\commons-codec\1.15\commons-codec-1.15.jar;C:\Users\modim\.m2\repository\org\slf4j\slf4j-api\1.7.25\slf4j-api-1.7.25.jar;C:\Users\modim\.m2\repository\com\formdev\flatlaf\2.1\flatlaf-2.1.jar;C:\Users\modim\.m2\repository\com\googlecode\json-simple\json-simple\1.1.1\json-simple-1.1.1.jar;C:\Users\modim\.m2\repository\junit\junit\4.10\junit-4.10.jar;C:\Users\modim\.m2\repository\org\hamcrest\hamcrest-core\1.1\hamcrest-core-1.1.jar
Launcher Type: SUN_STANDARD

[Global flags]
     intx CICompilerCount                          = 4                                         {product} {ergonomic}
     uint ConcGCThreads                            = 2                                         {product} {ergonomic}
     uint G1ConcRefinementThreads                  = 8                                         {product} {ergonomic}
   size_t G1HeapRegionSize                         = 2097152                                   {product} {ergonomic}
    uintx GCDrainStackTargetSize                   = 64                                        {product} {ergonomic}
   size_t InitialHeapSize                          = 197132288                                 {product} {ergonomic}
   size_t MarkStackSize                            = 4194304                                   {product} {ergonomic}
   size_t MaxHeapSize                              = 3149922304                                {product} {ergonomic}
   size_t MaxNewSize                               = 1889533952                                {product} {ergonomic}
   size_t MinHeapDeltaBytes                        = 2097152                                   {product} {ergonomic}
   size_t MinHeapSize                              = 8388608                                   {product} {ergonomic}
    uintx NonNMethodCodeHeapSize                   = 5839372                                {pd product} {ergonomic}
    uintx NonProfiledCodeHeapSize                  = 122909434                              {pd product} {ergonomic}
    uintx ProfiledCodeHeapSize                     = 122909434                              {pd product} {ergonomic}
    uintx ReservedCodeCacheSize                    = 251658240                              {pd product} {ergonomic}
     bool SegmentedCodeCache                       = true                                      {product} {ergonomic}
   size_t SoftMaxHeapSize                          = 3149922304                             {manageable} {ergonomic}
     bool UseCompressedClassPointers               = true                           {product lp64_product} {ergonomic}
     bool UseCompressedOops                        = true                           {product lp64_product} {ergonomic}
     bool UseG1GC                                  = true                                      {product} {ergonomic}
     bool UseLargePagesIndividualAllocation        = false                                  {pd product} {ergonomic}

Logging:
Log output configuration:
 #0: stdout all=warning uptime,level,tags
 #1: stderr all=off uptime,level,tags

Environment Variables:
JAVA_HOME=C:\Program Files\Java\jdk-16.0.2
PATH=C:\Program Files\Microsoft\jdk-11.0.12.7-hotspot\bin;C:\Program Files (x86)\Common Files\Intel\Shared Libraries\redist\intel64\compiler;C:\Program Files (x86)\Razer Chroma SDK\bin;C:\Program Files\Razer Chroma SDK\bin;C:\Program Files (x86)\Razer\ChromaBroadcast\bin;C:\Program Files\Razer\ChromaBroadcast\bin;C:\Program Files\Common Files\Oracle\Java\javapath;C:\Program Files (x86)\Common Files\Oracle\Java\javapath;C:\WINDOWS\system32;C:\WINDOWS;C:\WINDOWS\System32\Wbem;C:\WINDOWS\System32\WindowsPowerShell\v1.0\;C:\WINDOWS\System32\OpenSSH\;C:\Program Files\Java\jdk-17\bin;C:\Program Files\Java\jdk1.8.0_231\bin;C:\Program Files\Calibre2\;C:\Program Files\nodejs\;C:\Program Files\Git\cmd;C:\Users\modim\AppData\Local\Programs\Python\Python39\Scripts\;C:\Users\modim\AppData\Local\Programs\Python\Python39\;C:\Users\modim\AppData\Local\Microsoft\WindowsApps;C:\Users\modim\AppData\Roaming\npm;C:\Users\modim\AppData\Local\atom\bin;C:\WINDOWS\system32\config\systemprofile\AppData\Local\Microsoft\WindowsApps;C:\MinGW\bin;C:\cygwin64\bin;C:\Program Files\dotnet\;C:\Program Files\Microsoft SQL Server\130\Tools\Binn\;C:\Program Files\Go\bin;C:\Program Files\Latino\bin;C:\Program Files\Latino\lib;C:\Program Files\Latino;;%SystemRoot%\system32;%SystemRoot%;%SystemRoot%\System32\Wbem;%SYSTEMROOT%\System32\WindowsPowerShell\v1.0\;%SYSTEMROOT%\System32\OpenSSH\;C:\Users\modim\AppData\Local\Programs\Python\Python39\Scripts\;C:\Users\modim\AppData\Local\Programs\Python\Python39\;C:\Users\modim\AppData\Local\Microsoft\WindowsApps;C:\Users\modim\AppData\Roaming\npm;C:\MinGW\bin;C:\cygwin64\bin;C:\Users\modim\AppData\Local\Microsoft\WindowsApps;;C:\Users\modim\AppData\Local\Programs\Microsoft VS Code\bin;C:\Users\modim\go\bin;C:\Users\modim\.dotnet\tools
USERNAME=Fergetse
OS=Windows_NT
PROCESSOR_IDENTIFIER=Intel64 Family 6 Model 140 Stepping 1, GenuineIntel



---------------  S Y S T E M  ---------------

OS:
 Windows 10 , 64 bit Build 22621 (10.0.22621.1)
OS uptime: 3 days 4:13 hours
Hyper-V role detected

CPU: total 8 (initial active 8) (4 cores per cpu, 2 threads per core) family 6 model 140 stepping 1 microcode 0xa4, cx8, cmov, fxsr, ht, mmx, 3dnowpref, sse, sse2, sse3, ssse3, sse4.1, sse4.2, popcnt, lzcnt, tsc, tscinvbit, avx, avx2, aes, erms, clmul, bmi1, bmi2, adx, avx512f, avx512dq, avx512cd, avx512bw, avx512vl, sha, fma, vzeroupper, avx512_vpopcntdq, avx512_vpclmulqdq, avx512_vaes, avx512_vnni, clflush, clflushopt, clwb, avx512_vmbi2, avx512_vmbi, hv

Memory: 4k page, system-wide physical 12010M (1696M free)
TotalPageFile size 22880M (AvailPageFile size 2M)
current process WorkingSet (physical memory assigned to process): 64M, peak: 64M
current process commit charge ("private bytes"): 290M, peak: 290M

vm_info: Java HotSpot(TM) 64-Bit Server VM (16.0.2+7-67) for windows-amd64 JRE (16.0.2+7-67), built on Jun  8 2021 23:24:19 by "mach5one" with MS VC++ 16.7 (VS2019)

END.
