#
# A fatal error has been detected by the Java Runtime Environment:
#
#  EXCEPTION_ACCESS_VIOLATION (0xc0000005) at pc=0x0000000000000000, pid=23416, tid=34320
#
# JRE version: Java(TM) SE Runtime Environment (16.0.2+7) (build 16.0.2+7-67)
# Java VM: Java HotSpot(TM) 64-Bit Server VM (16.0.2+7-67, mixed mode, sharing, tiered, compressed oops, compressed class ptrs, g1 gc, windows-amd64)
# Problematic frame:
# C  0x0000000000000000
#
# No core dump will be written. Minidumps are not enabled by default on client versions of Windows
#
# If you would like to submit a bug report, please visit:
#   https://bugreport.java.com/bugreport/crash.jsp
# The crash happened outside the Java Virtual Machine in native code.
# See problematic frame for where to report the bug.
#

---------------  S U M M A R Y ------------

Command Line: com.mycompany.foursquare.Principal

Host: 11th Gen Intel(R) Core(TM) i7-1165G7 @ 2.80GHz, 8 cores, 11G,  Windows 10 , 64 bit Build 22621 (10.0.22621.1)
Time: Sat May 21 17:04:38 2022 Hora de verano central (México) elapsed time: 0.212242 seconds (0d 0h 0m 0s)

---------------  T H R E A D  ---------------

Current thread (0x0000017c7ff36e50):  JavaThread "AWT-Windows" daemon [_thread_in_native, id=34320, stack(0x0000003bf3400000,0x0000003bf3500000)]

Stack: [0x0000003bf3400000,0x0000003bf3500000],  sp=0x0000003bf34fedb8,  free space=1019k
Native frames: (J=compiled Java code, j=interpreted, Vv=VM code, C=native code)

Java frames: (J=compiled Java code, j=interpreted, Vv=VM code)
j  sun.awt.windows.WToolkit.init()Z+0 java.desktop@16.0.2
j  sun.awt.windows.WToolkit.run()V+10 java.desktop@16.0.2
j  java.lang.Thread.run()V+11 java.base@16.0.2
v  ~StubRoutines::call_stub

siginfo: EXCEPTION_ACCESS_VIOLATION (0xc0000005), data execution prevention violation at address 0x0000000000000000


Register to memory mapping:

RIP=0x0 is NULL
RAX=0x0 is NULL
RBX=0x0000000000000020 is an unknown value
RCX=0x0 is NULL
RDX=0x0 is NULL
RSP=0x0000003bf34fedb8 is pointing into the stack for thread: 0x0000017c7ff36e50
RBP=0x0000003bf34fef28 is pointing into the stack for thread: 0x0000017c7ff36e50
RSI=0x000000006b010c43 is an unknown value
RDI=0x0000000000000001 is an unknown value
R8 =0x0000003bf34fea98 is pointing into the stack for thread: 0x0000017c7ff36e50
R9 =0x0 is NULL
R10=0x00007ffab7fe0000 is an unknown value
R11=0x0000003bf34fed20 is pointing into the stack for thread: 0x0000017c7ff36e50
R12=0x0 is NULL
R13={method} {0x0000017c111938a8} 'init' '()Z' in 'sun/awt/windows/WToolkit'
R14=0x0 is NULL
R15=0x0000017c7ff36e50 is a thread


Registers:
RAX=0x0000000000000000, RBX=0x0000000000000020, RCX=0x0000000000000000, RDX=0x0000000000000000
RSP=0x0000003bf34fedb8, RBP=0x0000003bf34fef28, RSI=0x000000006b010c43, RDI=0x0000000000000001
R8 =0x0000003bf34fea98, R9 =0x0000000000000000, R10=0x00007ffab7fe0000, R11=0x0000003bf34fed20
R12=0x0000000000000000, R13=0x0000017c111938a0, R14=0x0000000000000000, R15=0x0000017c7ff36e50
RIP=0x0000000000000000, EFLAGS=0x0000000000010206

Top of Stack: (sp=0x0000003bf34fedb8)
0x0000003bf34fedb8:   00007ffa61afc6f8 0000000000000000
0x0000003bf34fedc8:   0000000000000000 0000003bf34fea98
0x0000003bf34fedd8:   0000000000000000 0000017cffffffff
0x0000003bf34fede8:   00007ffaffffffff 0000017c00000000
0x0000003bf34fedf8:   0000003b00000000 0000000000000000
0x0000003bf34fee08:   0000000000000000 00007ffa61a30000
0x0000003bf34fee18:   0000000000000000 0000017c00000000
0x0000003bf34fee28:   00007ffa61afd820 0000000000000000
0x0000003bf34fee38:   00007ffa61a30000 0000000001be0211
0x0000003bf34fee48:   0000000000000000 0000000000000006
0x0000003bf34fee58:   0000000000000000 00007ffa61b34ed8
0x0000003bf34fee68:   0000017c7ff36e50 0000003bf34fef48
0x0000003bf34fee78:   00007ffa61aff14f 0000017c7ff37160
0x0000003bf34fee88:   00000000000002c0 0000003bf34fef48
0x0000003bf34fee98:   0000017c1111b460 0000017c00009512
0x0000003bf34feea8:   0000017c0000dd22 0000017c111938a0 

Instructions: (pc=0x0000000000000000)
0xffffffffffffff00:   


Stack slot to memory mapping:
stack at sp + 0 slots: 0x00007ffa61afc6f8 awt.dll
stack at sp + 1 slots: 0x0 is NULL
stack at sp + 2 slots: 0x0 is NULL
stack at sp + 3 slots: 0x0000003bf34fea98 is pointing into the stack for thread: 0x0000017c7ff36e50
stack at sp + 4 slots: 0x0 is NULL
stack at sp + 5 slots: 0x0000017cffffffff is an unknown value
stack at sp + 6 slots: 0x00007ffaffffffff is an unknown value
stack at sp + 7 slots: 0x0000017c00000000 points into unknown readable memory: 0x0000000000000006 | 06 00 00 00 00 00 00 00


---------------  P R O C E S S  ---------------

Threads class SMR info:
_java_thread_list=0x0000017c7fef0810, length=15, elements={
0x0000017c705d2140, 0x0000017c7fa2b1a0, 0x0000017c7fa2dbb0, 0x0000017c7fa3d180,
0x0000017c7fa3fb90, 0x0000017c7fa40590, 0x0000017c7fa433a0, 0x0000017c7fa44180,
0x0000017c7fa4a180, 0x0000017c7fa53be0, 0x0000017c7fcb6fa0, 0x0000017c7fcb87c0,
0x0000017c7ff32400, 0x0000017c7ff36930, 0x0000017c7ff36e50
}

Java Threads: ( => current thread )
  0x0000017c705d2140 JavaThread "main" [_thread_blocked, id=22840, stack(0x0000003bf1f00000,0x0000003bf2000000)]
  0x0000017c7fa2b1a0 JavaThread "Reference Handler" daemon [_thread_blocked, id=33456, stack(0x0000003bf2600000,0x0000003bf2700000)]
  0x0000017c7fa2dbb0 JavaThread "Finalizer" daemon [_thread_blocked, id=744, stack(0x0000003bf2700000,0x0000003bf2800000)]
  0x0000017c7fa3d180 JavaThread "Signal Dispatcher" daemon [_thread_blocked, id=16388, stack(0x0000003bf2800000,0x0000003bf2900000)]
  0x0000017c7fa3fb90 JavaThread "Attach Listener" daemon [_thread_blocked, id=28592, stack(0x0000003bf2900000,0x0000003bf2a00000)]
  0x0000017c7fa40590 JavaThread "Service Thread" daemon [_thread_blocked, id=24372, stack(0x0000003bf2a00000,0x0000003bf2b00000)]
  0x0000017c7fa433a0 JavaThread "Monitor Deflation Thread" daemon [_thread_blocked, id=27432, stack(0x0000003bf2b00000,0x0000003bf2c00000)]
  0x0000017c7fa44180 JavaThread "C2 CompilerThread0" daemon [_thread_blocked, id=34180, stack(0x0000003bf2c00000,0x0000003bf2d00000)]
  0x0000017c7fa4a180 JavaThread "C1 CompilerThread0" daemon [_thread_blocked, id=26040, stack(0x0000003bf2d00000,0x0000003bf2e00000)]
  0x0000017c7fa53be0 JavaThread "Sweeper thread" daemon [_thread_blocked, id=25908, stack(0x0000003bf2e00000,0x0000003bf2f00000)]
  0x0000017c7fcb6fa0 JavaThread "Notification Thread" daemon [_thread_blocked, id=29496, stack(0x0000003bf2f00000,0x0000003bf3000000)]
  0x0000017c7fcb87c0 JavaThread "Common-Cleaner" daemon [_thread_blocked, id=32532, stack(0x0000003bf3100000,0x0000003bf3200000)]
  0x0000017c7ff32400 JavaThread "Java2D Disposer" daemon [_thread_blocked, id=24884, stack(0x0000003bf3200000,0x0000003bf3300000)]
  0x0000017c7ff36930 JavaThread "AWT-Shutdown" [_thread_blocked, id=34264, stack(0x0000003bf3300000,0x0000003bf3400000)]
=>0x0000017c7ff36e50 JavaThread "AWT-Windows" daemon [_thread_in_native, id=34320, stack(0x0000003bf3400000,0x0000003bf3500000)]

Other Threads:
  0x0000017c7fa287c0 VMThread "VM Thread" [stack: 0x0000003bf2500000,0x0000003bf2600000] [id=26900]
  0x0000017c7fcb84d0 WatcherThread [stack: 0x0000003bf3000000,0x0000003bf3100000] [id=34384]
  0x0000017c70615820 GCTaskThread "GC Thread#0" [stack: 0x0000003bf2000000,0x0000003bf2100000] [id=31704]
  0x0000017c70622320 ConcurrentGCThread "G1 Main Marker" [stack: 0x0000003bf2100000,0x0000003bf2200000] [id=33308]
  0x0000017c70622df0 ConcurrentGCThread "G1 Conc#0" [stack: 0x0000003bf2200000,0x0000003bf2300000] [id=25832]
  0x0000017c7069d530 ConcurrentGCThread "G1 Refine#0" [stack: 0x0000003bf2300000,0x0000003bf2400000] [id=33868]
  0x0000017c7f8dc110 ConcurrentGCThread "G1 Service" [stack: 0x0000003bf2400000,0x0000003bf2500000] [id=13356]

Threads with active compile tasks:

VM state: not at safepoint (normal execution)

VM Mutex/Monitor currently owned by a thread: None

Heap address: 0x0000000744400000, size: 3004 MB, Compressed Oops mode: Zero based, Oop shift amount: 3

CDS archive(s) mapped at: [0x0000000800000000-0x0000000800bb0000-0x0000000800bb0000), size 12255232, SharedBaseAddress: 0x0000000800000000, ArchiveRelocationMode: 0.
Compressed class space mapped at: 0x0000000800c00000-0x0000000840c00000, reserved size: 1073741824
Narrow klass base: 0x0000000800000000, Narrow klass shift: 3, Narrow klass range: 0x100000000

GC Precious Log:
 CPUs: 8 total, 8 available
 Memory: 12010M
 Large Page Support: Disabled
 NUMA Support: Disabled
 Compressed Oops: Enabled (Zero based)
 Heap Region Size: 2M
 Heap Min Capacity: 8M
 Heap Initial Capacity: 188M
 Heap Max Capacity: 3004M
 Pre-touch: Disabled
 Parallel Workers: 8
 Concurrent Workers: 2
 Concurrent Refinement Workers: 8
 Periodic GC: Disabled

Heap:
 garbage-first heap   total 192512K, used 2048K [0x0000000744400000, 0x0000000800000000)
  region size 2048K, 2 young (4096K), 0 survivors (0K)
 Metaspace       used 2764K, committed 2880K, reserved 1056768K
  class space    used 260K, committed 320K, reserved 1048576K

Heap Regions: E=young(eden), S=young(survivor), O=old, HS=humongous(starts), HC=humongous(continues), CS=collection set, F=free, OA=open archive, CA=closed archive, TAMS=top-at-mark-start (previous, next)
|   0|0x0000000744400000, 0x0000000744400000, 0x0000000744600000|  0%| F|  |TAMS 0x0000000744400000, 0x0000000744400000| Untracked 
|   1|0x0000000744600000, 0x0000000744600000, 0x0000000744800000|  0%| F|  |TAMS 0x0000000744600000, 0x0000000744600000| Untracked 
|   2|0x0000000744800000, 0x0000000744800000, 0x0000000744a00000|  0%| F|  |TAMS 0x0000000744800000, 0x0000000744800000| Untracked 
|   3|0x0000000744a00000, 0x0000000744a00000, 0x0000000744c00000|  0%| F|  |TAMS 0x0000000744a00000, 0x0000000744a00000| Untracked 
|   4|0x0000000744c00000, 0x0000000744c00000, 0x0000000744e00000|  0%| F|  |TAMS 0x0000000744c00000, 0x0000000744c00000| Untracked 
|   5|0x0000000744e00000, 0x0000000744e00000, 0x0000000745000000|  0%| F|  |TAMS 0x0000000744e00000, 0x0000000744e00000| Untracked 
|   6|0x0000000745000000, 0x0000000745000000, 0x0000000745200000|  0%| F|  |TAMS 0x0000000745000000, 0x0000000745000000| Untracked 
|   7|0x0000000745200000, 0x0000000745200000, 0x0000000745400000|  0%| F|  |TAMS 0x0000000745200000, 0x0000000745200000| Untracked 
|   8|0x0000000745400000, 0x0000000745400000, 0x0000000745600000|  0%| F|  |TAMS 0x0000000745400000, 0x0000000745400000| Untracked 
|   9|0x0000000745600000, 0x0000000745600000, 0x0000000745800000|  0%| F|  |TAMS 0x0000000745600000, 0x0000000745600000| Untracked 
|  10|0x0000000745800000, 0x0000000745800000, 0x0000000745a00000|  0%| F|  |TAMS 0x0000000745800000, 0x0000000745800000| Untracked 
|  11|0x0000000745a00000, 0x0000000745a00000, 0x0000000745c00000|  0%| F|  |TAMS 0x0000000745a00000, 0x0000000745a00000| Untracked 
|  12|0x0000000745c00000, 0x0000000745c00000, 0x0000000745e00000|  0%| F|  |TAMS 0x0000000745c00000, 0x0000000745c00000| Untracked 
|  13|0x0000000745e00000, 0x0000000745e00000, 0x0000000746000000|  0%| F|  |TAMS 0x0000000745e00000, 0x0000000745e00000| Untracked 
|  14|0x0000000746000000, 0x0000000746000000, 0x0000000746200000|  0%| F|  |TAMS 0x0000000746000000, 0x0000000746000000| Untracked 
|  15|0x0000000746200000, 0x0000000746200000, 0x0000000746400000|  0%| F|  |TAMS 0x0000000746200000, 0x0000000746200000| Untracked 
|  16|0x0000000746400000, 0x0000000746400000, 0x0000000746600000|  0%| F|  |TAMS 0x0000000746400000, 0x0000000746400000| Untracked 
|  17|0x0000000746600000, 0x0000000746600000, 0x0000000746800000|  0%| F|  |TAMS 0x0000000746600000, 0x0000000746600000| Untracked 
|  18|0x0000000746800000, 0x0000000746800000, 0x0000000746a00000|  0%| F|  |TAMS 0x0000000746800000, 0x0000000746800000| Untracked 
|  19|0x0000000746a00000, 0x0000000746a00000, 0x0000000746c00000|  0%| F|  |TAMS 0x0000000746a00000, 0x0000000746a00000| Untracked 
|  20|0x0000000746c00000, 0x0000000746c00000, 0x0000000746e00000|  0%| F|  |TAMS 0x0000000746c00000, 0x0000000746c00000| Untracked 
|  21|0x0000000746e00000, 0x0000000746e00000, 0x0000000747000000|  0%| F|  |TAMS 0x0000000746e00000, 0x0000000746e00000| Untracked 
|  22|0x0000000747000000, 0x0000000747000000, 0x0000000747200000|  0%| F|  |TAMS 0x0000000747000000, 0x0000000747000000| Untracked 
|  23|0x0000000747200000, 0x0000000747200000, 0x0000000747400000|  0%| F|  |TAMS 0x0000000747200000, 0x0000000747200000| Untracked 
|  24|0x0000000747400000, 0x0000000747400000, 0x0000000747600000|  0%| F|  |TAMS 0x0000000747400000, 0x0000000747400000| Untracked 
|  25|0x0000000747600000, 0x0000000747600000, 0x0000000747800000|  0%| F|  |TAMS 0x0000000747600000, 0x0000000747600000| Untracked 
|  26|0x0000000747800000, 0x0000000747800000, 0x0000000747a00000|  0%| F|  |TAMS 0x0000000747800000, 0x0000000747800000| Untracked 
|  27|0x0000000747a00000, 0x0000000747a00000, 0x0000000747c00000|  0%| F|  |TAMS 0x0000000747a00000, 0x0000000747a00000| Untracked 
|  28|0x0000000747c00000, 0x0000000747c00000, 0x0000000747e00000|  0%| F|  |TAMS 0x0000000747c00000, 0x0000000747c00000| Untracked 
|  29|0x0000000747e00000, 0x0000000747e00000, 0x0000000748000000|  0%| F|  |TAMS 0x0000000747e00000, 0x0000000747e00000| Untracked 
|  30|0x0000000748000000, 0x0000000748000000, 0x0000000748200000|  0%| F|  |TAMS 0x0000000748000000, 0x0000000748000000| Untracked 
|  31|0x0000000748200000, 0x0000000748200000, 0x0000000748400000|  0%| F|  |TAMS 0x0000000748200000, 0x0000000748200000| Untracked 
|  32|0x0000000748400000, 0x0000000748400000, 0x0000000748600000|  0%| F|  |TAMS 0x0000000748400000, 0x0000000748400000| Untracked 
|  33|0x0000000748600000, 0x0000000748600000, 0x0000000748800000|  0%| F|  |TAMS 0x0000000748600000, 0x0000000748600000| Untracked 
|  34|0x0000000748800000, 0x0000000748800000, 0x0000000748a00000|  0%| F|  |TAMS 0x0000000748800000, 0x0000000748800000| Untracked 
|  35|0x0000000748a00000, 0x0000000748a00000, 0x0000000748c00000|  0%| F|  |TAMS 0x0000000748a00000, 0x0000000748a00000| Untracked 
|  36|0x0000000748c00000, 0x0000000748c00000, 0x0000000748e00000|  0%| F|  |TAMS 0x0000000748c00000, 0x0000000748c00000| Untracked 
|  37|0x0000000748e00000, 0x0000000748e00000, 0x0000000749000000|  0%| F|  |TAMS 0x0000000748e00000, 0x0000000748e00000| Untracked 
|  38|0x0000000749000000, 0x0000000749000000, 0x0000000749200000|  0%| F|  |TAMS 0x0000000749000000, 0x0000000749000000| Untracked 
|  39|0x0000000749200000, 0x0000000749200000, 0x0000000749400000|  0%| F|  |TAMS 0x0000000749200000, 0x0000000749200000| Untracked 
|  40|0x0000000749400000, 0x0000000749400000, 0x0000000749600000|  0%| F|  |TAMS 0x0000000749400000, 0x0000000749400000| Untracked 
|  41|0x0000000749600000, 0x0000000749600000, 0x0000000749800000|  0%| F|  |TAMS 0x0000000749600000, 0x0000000749600000| Untracked 
|  42|0x0000000749800000, 0x0000000749800000, 0x0000000749a00000|  0%| F|  |TAMS 0x0000000749800000, 0x0000000749800000| Untracked 
|  43|0x0000000749a00000, 0x0000000749a00000, 0x0000000749c00000|  0%| F|  |TAMS 0x0000000749a00000, 0x0000000749a00000| Untracked 
|  44|0x0000000749c00000, 0x0000000749c00000, 0x0000000749e00000|  0%| F|  |TAMS 0x0000000749c00000, 0x0000000749c00000| Untracked 
|  45|0x0000000749e00000, 0x0000000749e00000, 0x000000074a000000|  0%| F|  |TAMS 0x0000000749e00000, 0x0000000749e00000| Untracked 
|  46|0x000000074a000000, 0x000000074a000000, 0x000000074a200000|  0%| F|  |TAMS 0x000000074a000000, 0x000000074a000000| Untracked 
|  47|0x000000074a200000, 0x000000074a200000, 0x000000074a400000|  0%| F|  |TAMS 0x000000074a200000, 0x000000074a200000| Untracked 
|  48|0x000000074a400000, 0x000000074a400000, 0x000000074a600000|  0%| F|  |TAMS 0x000000074a400000, 0x000000074a400000| Untracked 
|  49|0x000000074a600000, 0x000000074a600000, 0x000000074a800000|  0%| F|  |TAMS 0x000000074a600000, 0x000000074a600000| Untracked 
|  50|0x000000074a800000, 0x000000074a800000, 0x000000074aa00000|  0%| F|  |TAMS 0x000000074a800000, 0x000000074a800000| Untracked 
|  51|0x000000074aa00000, 0x000000074aa00000, 0x000000074ac00000|  0%| F|  |TAMS 0x000000074aa00000, 0x000000074aa00000| Untracked 
|  52|0x000000074ac00000, 0x000000074ac00000, 0x000000074ae00000|  0%| F|  |TAMS 0x000000074ac00000, 0x000000074ac00000| Untracked 
|  53|0x000000074ae00000, 0x000000074ae00000, 0x000000074b000000|  0%| F|  |TAMS 0x000000074ae00000, 0x000000074ae00000| Untracked 
|  54|0x000000074b000000, 0x000000074b000000, 0x000000074b200000|  0%| F|  |TAMS 0x000000074b000000, 0x000000074b000000| Untracked 
|  55|0x000000074b200000, 0x000000074b200000, 0x000000074b400000|  0%| F|  |TAMS 0x000000074b200000, 0x000000074b200000| Untracked 
|  56|0x000000074b400000, 0x000000074b400000, 0x000000074b600000|  0%| F|  |TAMS 0x000000074b400000, 0x000000074b400000| Untracked 
|  57|0x000000074b600000, 0x000000074b600000, 0x000000074b800000|  0%| F|  |TAMS 0x000000074b600000, 0x000000074b600000| Untracked 
|  58|0x000000074b800000, 0x000000074b800000, 0x000000074ba00000|  0%| F|  |TAMS 0x000000074b800000, 0x000000074b800000| Untracked 
|  59|0x000000074ba00000, 0x000000074ba00000, 0x000000074bc00000|  0%| F|  |TAMS 0x000000074ba00000, 0x000000074ba00000| Untracked 
|  60|0x000000074bc00000, 0x000000074bc00000, 0x000000074be00000|  0%| F|  |TAMS 0x000000074bc00000, 0x000000074bc00000| Untracked 
|  61|0x000000074be00000, 0x000000074be00000, 0x000000074c000000|  0%| F|  |TAMS 0x000000074be00000, 0x000000074be00000| Untracked 
|  62|0x000000074c000000, 0x000000074c000000, 0x000000074c200000|  0%| F|  |TAMS 0x000000074c000000, 0x000000074c000000| Untracked 
|  63|0x000000074c200000, 0x000000074c200000, 0x000000074c400000|  0%| F|  |TAMS 0x000000074c200000, 0x000000074c200000| Untracked 
|  64|0x000000074c400000, 0x000000074c400000, 0x000000074c600000|  0%| F|  |TAMS 0x000000074c400000, 0x000000074c400000| Untracked 
|  65|0x000000074c600000, 0x000000074c600000, 0x000000074c800000|  0%| F|  |TAMS 0x000000074c600000, 0x000000074c600000| Untracked 
|  66|0x000000074c800000, 0x000000074c800000, 0x000000074ca00000|  0%| F|  |TAMS 0x000000074c800000, 0x000000074c800000| Untracked 
|  67|0x000000074ca00000, 0x000000074ca00000, 0x000000074cc00000|  0%| F|  |TAMS 0x000000074ca00000, 0x000000074ca00000| Untracked 
|  68|0x000000074cc00000, 0x000000074cc00000, 0x000000074ce00000|  0%| F|  |TAMS 0x000000074cc00000, 0x000000074cc00000| Untracked 
|  69|0x000000074ce00000, 0x000000074ce00000, 0x000000074d000000|  0%| F|  |TAMS 0x000000074ce00000, 0x000000074ce00000| Untracked 
|  70|0x000000074d000000, 0x000000074d000000, 0x000000074d200000|  0%| F|  |TAMS 0x000000074d000000, 0x000000074d000000| Untracked 
|  71|0x000000074d200000, 0x000000074d200000, 0x000000074d400000|  0%| F|  |TAMS 0x000000074d200000, 0x000000074d200000| Untracked 
|  72|0x000000074d400000, 0x000000074d400000, 0x000000074d600000|  0%| F|  |TAMS 0x000000074d400000, 0x000000074d400000| Untracked 
|  73|0x000000074d600000, 0x000000074d600000, 0x000000074d800000|  0%| F|  |TAMS 0x000000074d600000, 0x000000074d600000| Untracked 
|  74|0x000000074d800000, 0x000000074d800000, 0x000000074da00000|  0%| F|  |TAMS 0x000000074d800000, 0x000000074d800000| Untracked 
|  75|0x000000074da00000, 0x000000074da00000, 0x000000074dc00000|  0%| F|  |TAMS 0x000000074da00000, 0x000000074da00000| Untracked 
|  76|0x000000074dc00000, 0x000000074dc00000, 0x000000074de00000|  0%| F|  |TAMS 0x000000074dc00000, 0x000000074dc00000| Untracked 
|  77|0x000000074de00000, 0x000000074de00000, 0x000000074e000000|  0%| F|  |TAMS 0x000000074de00000, 0x000000074de00000| Untracked 
|  78|0x000000074e000000, 0x000000074e000000, 0x000000074e200000|  0%| F|  |TAMS 0x000000074e000000, 0x000000074e000000| Untracked 
|  79|0x000000074e200000, 0x000000074e200000, 0x000000074e400000|  0%| F|  |TAMS 0x000000074e200000, 0x000000074e200000| Untracked 
|  80|0x000000074e400000, 0x000000074e400000, 0x000000074e600000|  0%| F|  |TAMS 0x000000074e400000, 0x000000074e400000| Untracked 
|  81|0x000000074e600000, 0x000000074e600000, 0x000000074e800000|  0%| F|  |TAMS 0x000000074e600000, 0x000000074e600000| Untracked 
|  82|0x000000074e800000, 0x000000074e800000, 0x000000074ea00000|  0%| F|  |TAMS 0x000000074e800000, 0x000000074e800000| Untracked 
|  83|0x000000074ea00000, 0x000000074ea00000, 0x000000074ec00000|  0%| F|  |TAMS 0x000000074ea00000, 0x000000074ea00000| Untracked 
|  84|0x000000074ec00000, 0x000000074ec00000, 0x000000074ee00000|  0%| F|  |TAMS 0x000000074ec00000, 0x000000074ec00000| Untracked 
|  85|0x000000074ee00000, 0x000000074ee00000, 0x000000074f000000|  0%| F|  |TAMS 0x000000074ee00000, 0x000000074ee00000| Untracked 
|  86|0x000000074f000000, 0x000000074f000000, 0x000000074f200000|  0%| F|  |TAMS 0x000000074f000000, 0x000000074f000000| Untracked 
|  87|0x000000074f200000, 0x000000074f200000, 0x000000074f400000|  0%| F|  |TAMS 0x000000074f200000, 0x000000074f200000| Untracked 
|  88|0x000000074f400000, 0x000000074f400000, 0x000000074f600000|  0%| F|  |TAMS 0x000000074f400000, 0x000000074f400000| Untracked 
|  89|0x000000074f600000, 0x000000074f600000, 0x000000074f800000|  0%| F|  |TAMS 0x000000074f600000, 0x000000074f600000| Untracked 
|  90|0x000000074f800000, 0x000000074f800000, 0x000000074fa00000|  0%| F|  |TAMS 0x000000074f800000, 0x000000074f800000| Untracked 
|  91|0x000000074fa00000, 0x000000074fa00000, 0x000000074fc00000|  0%| F|  |TAMS 0x000000074fa00000, 0x000000074fa00000| Untracked 
|  92|0x000000074fc00000, 0x000000074fdc5f10, 0x000000074fe00000| 88%| E|  |TAMS 0x000000074fc00000, 0x000000074fc00000| Complete 
|  93|0x000000074fe00000, 0x0000000750000000, 0x0000000750000000|100%| E|CS|TAMS 0x000000074fe00000, 0x000000074fe00000| Complete 

Card table byte_map: [0x0000017c78650000,0x0000017c78c30000] _byte_map_base: 0x0000017c74c2e000

Marking Bits (Prev, Next): (CMBitMap*) 0x0000017c70615d90, (CMBitMap*) 0x0000017c70615dd0
 Prev Bits: [0x0000017c79210000, 0x0000017c7c100000)
 Next Bits: [0x0000017c7c100000, 0x0000017c7eff0000)

Polling page: 0x0000017c6e5d0000

Metaspace:

Usage:
  Non-class:      2.45 MB used.
      Class:    260.62 KB used.
       Both:      2.70 MB used.

Virtual space:
  Non-class space:        8.00 MB reserved,       2.50 MB ( 31%) committed,  1 nodes.
      Class space:        1.00 GB reserved,     320.00 KB ( <1%) committed,  1 nodes.
              Both:        1.01 GB reserved,       2.81 MB ( <1%) committed. 

Chunk freelists:
   Non-Class:  3.83 MB
       Class:  3.69 MB
        Both:  7.53 MB

MaxMetaspaceSize: 17179869184.00 GB
CompressedClassSpaceSize: 1.00 GB
 - commit_granule_bytes: 65536.
 - commit_granule_words: 8192.
 - virtual_space_node_default_size: 1048576.
 - enlarge_chunks_in_place: 1.
 - new_chunks_are_fully_committed: 0.
 - uncommit_free_chunks: 1.
 - use_allocation_guard: 0.
 - handle_deallocations: 1.


Internal statistics:

num_allocs_failed_limit: 0.
num_arena_births: 74.
num_arena_deaths: 0.
num_vsnodes_births: 2.
num_vsnodes_deaths: 0.
num_space_committed: 45.
num_space_uncommitted: 0.
num_chunks_returned_to_freelist: 0.
num_chunks_taken_from_freelist: 94.
num_chunk_merges: 0.
num_chunk_splits: 61.
num_chunks_enlarged: 30.
num_purges: 0.

CodeHeap 'non-profiled nmethods': size=120000Kb used=107Kb max_used=107Kb free=119892Kb
 bounds [0x0000017c07ad0000, 0x0000017c07d40000, 0x0000017c0f000000]
CodeHeap 'profiled nmethods': size=120000Kb used=418Kb max_used=418Kb free=119581Kb
 bounds [0x0000017c005a0000, 0x0000017c00810000, 0x0000017c07ad0000]
CodeHeap 'non-nmethods': size=5760Kb used=1187Kb max_used=1201Kb free=4572Kb
 bounds [0x0000017c00000000, 0x0000017c00270000, 0x0000017c005a0000]
 total_blobs=789 nmethods=321 adapters=381
 compilation: enabled
              stopped_count=0, restarted_count=0
 full_count=0

Compilation events (20 events):
Event: 0.195 Thread 0x0000017c7fa4a180  312       3       jdk.internal.org.objectweb.asm.SymbolTable::addType (81 bytes)
Event: 0.196 Thread 0x0000017c7fa4a180 nmethod 312 0x0000017c00605390 code [0x0000017c006055a0, 0x0000017c00605af8]
Event: 0.196 Thread 0x0000017c7fa4a180  311       3       java.lang.invoke.MemberName::isMethod (8 bytes)
Event: 0.196 Thread 0x0000017c7fa44180  316       4       java.lang.String::length (11 bytes)
Event: 0.196 Thread 0x0000017c7fa4a180 nmethod 311 0x0000017c00605d90 code [0x0000017c00605f40, 0x0000017c00606178]
Event: 0.196 Thread 0x0000017c7fa4a180  314       3       java.lang.invoke.MethodType::insertParameterTypes (121 bytes)
Event: 0.197 Thread 0x0000017c7fa44180 nmethod 316 0x0000017c07ae9e10 code [0x0000017c07ae9fa0, 0x0000017c07aea038]
Event: 0.197 Thread 0x0000017c7fa4a180 nmethod 314 0x0000017c00606290 code [0x0000017c00606560, 0x0000017c00607388]
Event: 0.197 Thread 0x0000017c7fa4a180  308       1       java.lang.invoke.MethodHandles$Lookup::lookupClass (5 bytes)
Event: 0.197 Thread 0x0000017c7fa4a180 nmethod 308 0x0000017c07aea110 code [0x0000017c07aea2a0, 0x0000017c07aea378]
Event: 0.197 Thread 0x0000017c7fa4a180  317       1       java.lang.Class::getModule (5 bytes)
Event: 0.197 Thread 0x0000017c7fa4a180 nmethod 317 0x0000017c07aea410 code [0x0000017c07aea5a0, 0x0000017c07aea678]
Event: 0.197 Thread 0x0000017c7fa4a180  318       1       java.lang.invoke.MethodTypeForm::basicType (5 bytes)
Event: 0.198 Thread 0x0000017c7fa4a180 nmethod 318 0x0000017c07aea710 code [0x0000017c07aea8a0, 0x0000017c07aea978]
Event: 0.198 Thread 0x0000017c7fa4a180  319       3       jdk.internal.misc.Unsafe::allocateUninitializedArray0 (90 bytes)
Event: 0.198 Thread 0x0000017c7fa4a180 nmethod 319 0x0000017c00607910 code [0x0000017c00607b20, 0x0000017c006084b8]
Event: 0.198 Thread 0x0000017c7fa4a180  321       3       jdk.internal.org.objectweb.asm.Handler::getExceptionTableLength (21 bytes)
Event: 0.198 Thread 0x0000017c7fa4a180 nmethod 321 0x0000017c00608610 code [0x0000017c006087c0, 0x0000017c00608978]
Event: 0.198 Thread 0x0000017c7fa4a180  320       1       jdk.internal.org.objectweb.asm.SymbolTable::getMajorVersion (5 bytes)
Event: 0.198 Thread 0x0000017c7fa4a180 nmethod 320 0x0000017c07aeaa10 code [0x0000017c07aeaba0, 0x0000017c07aeac78]

GC Heap History (0 events):
No events

Deoptimization events (8 events):
Event: 0.101 Thread 0x0000017c705d2140 DEOPT PACKING pc=0x0000017c005b67c6 sp=0x0000003bf1ffa450
Event: 0.101 Thread 0x0000017c705d2140 DEOPT UNPACKING pc=0x0000017c0004e77e sp=0x0000003bf1ff9970 mode 0
Event: 0.101 Thread 0x0000017c705d2140 DEOPT PACKING pc=0x0000017c005b67c6 sp=0x0000003bf1ffa450
Event: 0.101 Thread 0x0000017c705d2140 DEOPT UNPACKING pc=0x0000017c0004e77e sp=0x0000003bf1ff9970 mode 0
Event: 0.122 Thread 0x0000017c705d2140 DEOPT PACKING pc=0x0000017c005b7094 sp=0x0000003bf1ffca40
Event: 0.122 Thread 0x0000017c705d2140 DEOPT UNPACKING pc=0x0000017c0004e77e sp=0x0000003bf1ffbef0 mode 0
Event: 0.123 Thread 0x0000017c705d2140 DEOPT PACKING pc=0x0000017c005b7094 sp=0x0000003bf1ffca40
Event: 0.123 Thread 0x0000017c705d2140 DEOPT UNPACKING pc=0x0000017c0004e77e sp=0x0000003bf1ffbef0 mode 0

Classes unloaded (0 events):
No events

Classes redefined (0 events):
No events

Internal exceptions (6 events):
Event: 0.114 Thread 0x0000017c705d2140 Exception <a 'java/lang/NoSuchMethodError'{0x000000074fc13388}: 'void java.lang.invoke.DirectMethodHandle$Holder.invokeSpecial(java.lang.Object, java.lang.Object, java.lang.Object)'> (0x000000074fc13388) 
thrown [t:\workspace\open\src\hotspot\share\interpreter\linkResolver.cpp, line 790]
Event: 0.127 Thread 0x0000017c705d2140 Exception <a 'java/lang/ClassNotFoundException'{0x000000074fc3e160}: sun/awt/resources/spi/awtProvider> (0x000000074fc3e160) 
thrown [t:\workspace\open\src\hotspot\share\classfile\systemDictionary.cpp, line 256]
Event: 0.153 Thread 0x0000017c705d2140 Exception <a 'java/io/FileNotFoundException'{0x000000074fc97cf0}> (0x000000074fc97cf0) 
thrown [t:\workspace\open\src\hotspot\share\prims\jni.cpp, line 579]
Event: 0.160 Thread 0x0000017c705d2140 Exception <a 'java/io/FileNotFoundException'{0x000000074fcc65a8}> (0x000000074fcc65a8) 
thrown [t:\workspace\open\src\hotspot\share\prims\jni.cpp, line 579]
Event: 0.160 Thread 0x0000017c705d2140 Exception <a 'java/lang/NoSuchMethodError'{0x000000074fcc77d0}: 'java.lang.Object java.lang.invoke.DirectMethodHandle$Holder.invokeStatic(java.lang.Object)'> (0x000000074fcc77d0) 
thrown [t:\workspace\open\src\hotspot\share\interpreter\linkResolver.cpp, line 790]
Event: 0.196 Thread 0x0000017c705d2140 Exception <a 'java/lang/NoSuchMethodError'{0x000000074fd32000}: 'java.lang.Object java.lang.invoke.DirectMethodHandle$Holder.invokeStaticInit(java.lang.Object)'> (0x000000074fd32000) 
thrown [t:\workspace\open\src\hotspot\share\interpreter\linkResolver.cpp, line 790]

Events (20 events):
Event: 0.192 loading class sun/awt/SunToolkit$ModalityListenerList done
Event: 0.192 loading class sun/awt/util/PerformanceLogger
Event: 0.193 loading class sun/awt/util/PerformanceLogger done
Event: 0.193 loading class sun/awt/util/PerformanceLogger$TimeData
Event: 0.193 loading class sun/awt/util/PerformanceLogger$TimeData done
Event: 0.195 loading class sun/awt/windows/WToolkit$ToolkitDisposer
Event: 0.195 loading class sun/java2d/DisposerRecord
Event: 0.195 loading class sun/java2d/DisposerRecord done
Event: 0.195 loading class sun/awt/windows/WToolkit$ToolkitDisposer done
Event: 0.195 loading class sun/java2d/Disposer
Event: 0.195 loading class sun/java2d/Disposer done
Event: 0.195 loading class sun/java2d/Disposer$1
Event: 0.195 loading class sun/java2d/Disposer$1 done
Event: 0.197 loading class sun/awt/util/ThreadGroupUtils
Event: 0.197 loading class sun/awt/util/ThreadGroupUtils done
Event: 0.197 Thread 0x0000017c7ff32400 Thread added: 0x0000017c7ff32400
Event: 0.197 loading class sun/awt/AWTAutoShutdown
Event: 0.197 loading class sun/awt/AWTAutoShutdown done
Event: 0.198 Thread 0x0000017c7ff36930 Thread added: 0x0000017c7ff36930
Event: 0.199 Thread 0x0000017c7ff36e50 Thread added: 0x0000017c7ff36e50


Dynamic libraries:
0x00007ff721420000 - 0x00007ff721430000 	C:\Program Files\Java\jdk-16.0.2\bin\java.exe
0x00007ffab9470000 - 0x00007ffab9684000 	C:\WINDOWS\SYSTEM32\ntdll.dll
0x00007ffab9090000 - 0x00007ffab9152000 	C:\WINDOWS\System32\KERNEL32.DLL
0x00007ffab68c0000 - 0x00007ffab6c5c000 	C:\WINDOWS\System32\KERNELBASE.dll
0x00007ffab7170000 - 0x00007ffab7281000 	C:\WINDOWS\System32\ucrtbase.dll
0x00007ffaa6f40000 - 0x00007ffaa6f58000 	C:\Program Files\Java\jdk-16.0.2\bin\jli.dll
0x00007ffaa33b0000 - 0x00007ffaa33c9000 	C:\Program Files\Java\jdk-16.0.2\bin\VCRUNTIME140.dll
0x00007ffab7f20000 - 0x00007ffab7fce000 	C:\WINDOWS\System32\ADVAPI32.dll
0x00007ffab7290000 - 0x00007ffab7337000 	C:\WINDOWS\System32\msvcrt.dll
0x00007ffab81e0000 - 0x00007ffab8284000 	C:\WINDOWS\System32\sechost.dll
0x00007ffab7340000 - 0x00007ffab7455000 	C:\WINDOWS\System32\RPCRT4.dll
0x00007ffab7a30000 - 0x00007ffab7bdb000 	C:\WINDOWS\System32\USER32.dll
0x00007ffab6ee0000 - 0x00007ffab6f06000 	C:\WINDOWS\System32\win32u.dll
0x00007ffa8df80000 - 0x00007ffa8e20e000 	C:\WINDOWS\WinSxS\amd64_microsoft.windows.common-controls_6595b64144ccf1df_6.0.22621.1_none_60e502bd9af5bef0\COMCTL32.dll
0x00007ffab8750000 - 0x00007ffab8779000 	C:\WINDOWS\System32\GDI32.dll
0x00007ffab6f10000 - 0x00007ffab7022000 	C:\WINDOWS\System32\gdi32full.dll
0x00007ffab6e40000 - 0x00007ffab6eda000 	C:\WINDOWS\System32\msvcp_win.dll
0x00007ffaa33d0000 - 0x00007ffaa33da000 	C:\WINDOWS\SYSTEM32\VERSION.dll
0x00007ffab8710000 - 0x00007ffab8741000 	C:\WINDOWS\System32\IMM32.DLL
0x00007ffab2e50000 - 0x00007ffab2e5c000 	C:\Program Files\Java\jdk-16.0.2\bin\vcruntime140_1.dll
0x00007ffa95a80000 - 0x00007ffa95b11000 	C:\Program Files\Java\jdk-16.0.2\bin\msvcp140.dll
0x00007ffa19ad0000 - 0x00007ffa1a67b000 	C:\Program Files\Java\jdk-16.0.2\bin\server\jvm.dll
0x00007ffab92c0000 - 0x00007ffab92c8000 	C:\WINDOWS\System32\PSAPI.DLL
0x00007ffa85170000 - 0x00007ffa85179000 	C:\WINDOWS\SYSTEM32\WSOCK32.dll
0x00007ffab92d0000 - 0x00007ffab9341000 	C:\WINDOWS\System32\WS2_32.dll
0x00007ffaac850000 - 0x00007ffaac884000 	C:\WINDOWS\SYSTEM32\WINMM.dll
0x00007ffab59a0000 - 0x00007ffab59b8000 	C:\WINDOWS\SYSTEM32\kernel.appcore.dll
0x00007ffab2df0000 - 0x00007ffab2dfa000 	C:\Program Files\Java\jdk-16.0.2\bin\jimage.dll
0x00007ffab3ae0000 - 0x00007ffab3d0e000 	C:\WINDOWS\SYSTEM32\DBGHELP.DLL
0x00007ffab76a0000 - 0x00007ffab7a29000 	C:\WINDOWS\System32\combase.dll
0x00007ffab9350000 - 0x00007ffab9427000 	C:\WINDOWS\System32\OLEAUT32.dll
0x00007ffa8f6c0000 - 0x00007ffa8f6f2000 	C:\WINDOWS\SYSTEM32\dbgcore.DLL
0x00007ffab7030000 - 0x00007ffab70ab000 	C:\WINDOWS\System32\bcryptPrimitives.dll
0x00007ffa9fb80000 - 0x00007ffa9fba5000 	C:\Program Files\Java\jdk-16.0.2\bin\java.dll
0x00007ffab8890000 - 0x00007ffab9068000 	C:\WINDOWS\System32\SHELL32.dll
0x00007ffab48c0000 - 0x00007ffab5178000 	C:\WINDOWS\SYSTEM32\windows.storage.dll
0x00007ffab4780000 - 0x00007ffab48bd000 	C:\WINDOWS\SYSTEM32\wintypes.dll
0x00007ffab7470000 - 0x00007ffab7561000 	C:\WINDOWS\System32\SHCORE.dll
0x00007ffab9160000 - 0x00007ffab91be000 	C:\WINDOWS\System32\shlwapi.dll
0x00007ffab67f0000 - 0x00007ffab6811000 	C:\WINDOWS\SYSTEM32\profapi.dll
0x00007ffa9f8b0000 - 0x00007ffa9f8c9000 	C:\Program Files\Java\jdk-16.0.2\bin\net.dll
0x00007ffaaec20000 - 0x00007ffaaed4f000 	C:\WINDOWS\SYSTEM32\WINHTTP.dll
0x00007ffab5e80000 - 0x00007ffab5ee9000 	C:\WINDOWS\system32\mswsock.dll
0x00007ffa9f350000 - 0x00007ffa9f363000 	C:\Program Files\Java\jdk-16.0.2\bin\nio.dll
0x00007ffa9dcf0000 - 0x00007ffa9dd08000 	C:\Program Files\Java\jdk-16.0.2\bin\zip.dll
0x00007ffa61a30000 - 0x00007ffa61bb0000 	C:\Program Files\Java\jdk-16.0.2\bin\awt.dll
0x00007ffab3870000 - 0x00007ffab3906000 	C:\WINDOWS\SYSTEM32\apphelp.dll
0x00007ffab3d10000 - 0x00007ffab3dbb000 	C:\WINDOWS\system32\uxtheme.dll

dbghelp: loaded successfully - version: 4.0.5 - missing functions: none
symbol engine: initialized successfully - sym options: 0x614 - pdb path: .;C:\Program Files\Java\jdk-16.0.2\bin;C:\WINDOWS\SYSTEM32;C:\WINDOWS\WinSxS\amd64_microsoft.windows.common-controls_6595b64144ccf1df_6.0.22621.1_none_60e502bd9af5bef0;C:\Program Files\Java\jdk-16.0.2\bin\server

VM Arguments:
java_command: com.mycompany.foursquare.Principal
java_class_path (initial): C:\Users\modim\Desktop\ \ITM\4° Semestre\Tópicos avanzados de programación\Uni IV\Foursquare\target\classes;C:\Users\modim\.m2\repository\org\apache\httpcomponents\client5\httpclient5-fluent\5.1.3\httpclient5-fluent-5.1.3.jar;C:\Users\modim\.m2\repository\org\apache\httpcomponents\client5\httpclient5\5.1.3\httpclient5-5.1.3.jar;C:\Users\modim\.m2\repository\org\apache\httpcomponents\core5\httpcore5\5.1.3\httpcore5-5.1.3.jar;C:\Users\modim\.m2\repository\org\apache\httpcomponents\core5\httpcore5-h2\5.1.3\httpcore5-h2-5.1.3.jar;C:\Users\modim\.m2\repository\commons-codec\commons-codec\1.15\commons-codec-1.15.jar;C:\Users\modim\.m2\repository\org\slf4j\slf4j-api\1.7.25\slf4j-api-1.7.25.jar;C:\Users\modim\.m2\repository\com\formdev\flatlaf\2.1\flatlaf-2.1.jar;C:\Users\modim\.m2\repository\com\googlecode\json-simple\json-simple\1.1.1\json-simple-1.1.1.jar;C:\Users\modim\.m2\repository\junit\junit\4.10\junit-4.10.jar;C:\Users\modim\.m2\repository\org\hamcrest\hamcrest-core\1.1\hamcrest-core-1.1.jar
Launcher Type: SUN_STANDARD

[Global flags]
     intx CICompilerCount                          = 4                                         {product} {ergonomic}
     uint ConcGCThreads                            = 2                                         {product} {ergonomic}
     uint G1ConcRefinementThreads                  = 8                                         {product} {ergonomic}
   size_t G1HeapRegionSize                         = 2097152                                   {product} {ergonomic}
    uintx GCDrainStackTargetSize                   = 64                                        {product} {ergonomic}
   size_t InitialHeapSize                          = 197132288                                 {product} {ergonomic}
   size_t MarkStackSize                            = 4194304                                   {product} {ergonomic}
   size_t MaxHeapSize                              = 3149922304                                {product} {ergonomic}
   size_t MaxNewSize                               = 1889533952                                {product} {ergonomic}
   size_t MinHeapDeltaBytes                        = 2097152                                   {product} {ergonomic}
   size_t MinHeapSize                              = 8388608                                   {product} {ergonomic}
    uintx NonNMethodCodeHeapSize                   = 5839372                                {pd product} {ergonomic}
    uintx NonProfiledCodeHeapSize                  = 122909434                              {pd product} {ergonomic}
    uintx ProfiledCodeHeapSize                     = 122909434                              {pd product} {ergonomic}
    uintx ReservedCodeCacheSize                    = 251658240                              {pd product} {ergonomic}
     bool SegmentedCodeCache                       = true                                      {product} {ergonomic}
   size_t SoftMaxHeapSize                          = 3149922304                             {manageable} {ergonomic}
     bool UseCompressedClassPointers               = true                           {product lp64_product} {ergonomic}
     bool UseCompressedOops                        = true                           {product lp64_product} {ergonomic}
     bool UseG1GC                                  = true                                      {product} {ergonomic}
     bool UseLargePagesIndividualAllocation        = false                                  {pd product} {ergonomic}

Logging:
Log output configuration:
 #0: stdout all=warning uptime,level,tags
 #1: stderr all=off uptime,level,tags

Environment Variables:
JAVA_HOME=C:\Program Files\Java\jdk-16.0.2
PATH=C:\Program Files\Microsoft\jdk-11.0.12.7-hotspot\bin;C:\Program Files (x86)\Common Files\Intel\Shared Libraries\redist\intel64\compiler;C:\Program Files (x86)\Razer Chroma SDK\bin;C:\Program Files\Razer Chroma SDK\bin;C:\Program Files (x86)\Razer\ChromaBroadcast\bin;C:\Program Files\Razer\ChromaBroadcast\bin;C:\Program Files\Common Files\Oracle\Java\javapath;C:\Program Files (x86)\Common Files\Oracle\Java\javapath;C:\WINDOWS\system32;C:\WINDOWS;C:\WINDOWS\System32\Wbem;C:\WINDOWS\System32\WindowsPowerShell\v1.0\;C:\WINDOWS\System32\OpenSSH\;C:\Program Files\Java\jdk-17\bin;C:\Program Files\Java\jdk1.8.0_231\bin;C:\Program Files\Calibre2\;C:\Program Files\nodejs\;C:\Program Files\Git\cmd;C:\Users\modim\AppData\Local\Programs\Python\Python39\Scripts\;C:\Users\modim\AppData\Local\Programs\Python\Python39\;C:\Users\modim\AppData\Local\Microsoft\WindowsApps;C:\Users\modim\AppData\Roaming\npm;C:\Users\modim\AppData\Local\atom\bin;C:\WINDOWS\system32\config\systemprofile\AppData\Local\Microsoft\WindowsApps;C:\MinGW\bin;C:\cygwin64\bin;C:\Program Files\dotnet\;C:\Program Files\Microsoft SQL Server\130\Tools\Binn\;C:\Program Files\Go\bin;C:\Program Files\Latino\bin;C:\Program Files\Latino\lib;C:\Program Files\Latino;;%SystemRoot%\system32;%SystemRoot%;%SystemRoot%\System32\Wbem;%SYSTEMROOT%\System32\WindowsPowerShell\v1.0\;%SYSTEMROOT%\System32\OpenSSH\;C:\Users\modim\AppData\Local\Programs\Python\Python39\Scripts\;C:\Users\modim\AppData\Local\Programs\Python\Python39\;C:\Users\modim\AppData\Local\Microsoft\WindowsApps;C:\Users\modim\AppData\Roaming\npm;C:\MinGW\bin;C:\cygwin64\bin;C:\Users\modim\AppData\Local\Microsoft\WindowsApps;;C:\Users\modim\AppData\Local\Programs\Microsoft VS Code\bin;C:\Users\modim\go\bin;C:\Users\modim\.dotnet\tools
USERNAME=Fergetse
OS=Windows_NT
PROCESSOR_IDENTIFIER=Intel64 Family 6 Model 140 Stepping 1, GenuineIntel



---------------  S Y S T E M  ---------------

OS:
 Windows 10 , 64 bit Build 22621 (10.0.22621.1)
OS uptime: 3 days 4:14 hours
Hyper-V role detected

CPU: total 8 (initial active 8) (4 cores per cpu, 2 threads per core) family 6 model 140 stepping 1 microcode 0xa4, cx8, cmov, fxsr, ht, mmx, 3dnowpref, sse, sse2, sse3, ssse3, sse4.1, sse4.2, popcnt, lzcnt, tsc, tscinvbit, avx, avx2, aes, erms, clmul, bmi1, bmi2, adx, avx512f, avx512dq, avx512cd, avx512bw, avx512vl, sha, fma, vzeroupper, avx512_vpopcntdq, avx512_vpclmulqdq, avx512_vaes, avx512_vnni, clflush, clflushopt, clwb, avx512_vmbi2, avx512_vmbi, hv

Memory: 4k page, system-wide physical 12010M (1712M free)
TotalPageFile size 22880M (AvailPageFile size 3M)
current process WorkingSet (physical memory assigned to process): 42M, peak: 42M
current process commit charge ("private bytes"): 277M, peak: 277M

vm_info: Java HotSpot(TM) 64-Bit Server VM (16.0.2+7-67) for windows-amd64 JRE (16.0.2+7-67), built on Jun  8 2021 23:24:19 by "mach5one" with MS VC++ 16.7 (VS2019)

END.
